2017-05-07 12:32:28,441 [Worker-15] INFO  o.e.m.c.i.l.LifecycleMappingFactory - Using org.eclipse.m2e.jdt.JarLifecycleMapping lifecycle mapping for MavenProject: log4j-text:log4j-text:0.0.1-SNAPSHOT @ C:\Users\Moon\Desktop\framework-workspace1\log4j-test\pom.xml.
2017-05-07 12:32:32,225 [Worker-15] WARN  o.e.m.c.i.embedder.EclipseLogger - Using platform encoding (MS949 actually) to copy filtered resources, i.e. build is platform dependent!
2017-05-07 12:32:32,227 [Worker-15] INFO  o.e.m.c.i.embedder.EclipseLogger - skip non existing resourceDirectory C:\Users\Moon\Desktop\framework-workspace1\log4j-test\src\main\resources
2017-05-07 12:32:32,229 [Worker-15] WARN  o.e.m.c.i.embedder.EclipseLogger - Using platform encoding (MS949 actually) to copy filtered resources, i.e. build is platform dependent!
2017-05-07 12:32:32,232 [Worker-15] INFO  o.e.m.c.i.embedder.EclipseLogger - skip non existing resourceDirectory C:\Users\Moon\Desktop\framework-workspace1\log4j-test\src\test\resources
2017-05-07 12:32:34,225 [Worker-15] INFO  o.e.m.c.i.l.LifecycleMappingFactory - Using org.eclipse.m2e.jdt.JarLifecycleMapping lifecycle mapping for MavenProject: mybatis-study:mybatis-study:0.0.1-SNAPSHOT @ C:\Users\Moon\Desktop\framework-workspace1\mybatis-study\pom.xml.
2017-05-07 12:32:34,602 [Worker-15] WARN  o.e.m.c.i.embedder.EclipseLogger - Using platform encoding (MS949 actually) to copy filtered resources, i.e. build is platform dependent!
2017-05-07 12:32:34,609 [Worker-15] INFO  o.e.m.c.i.embedder.EclipseLogger - Copying 8 resources
2017-05-07 12:32:34,957 [Worker-15] WARN  o.e.m.c.i.embedder.EclipseLogger - Using platform encoding (MS949 actually) to copy filtered resources, i.e. build is platform dependent!
2017-05-07 12:32:34,959 [Worker-15] INFO  o.e.m.c.i.embedder.EclipseLogger - skip non existing resourceDirectory C:\Users\Moon\Desktop\framework-workspace1\mybatis-study\src\test\resources
2017-05-07 12:32:35,235 [Worker-15] INFO  o.e.m.c.i.l.LifecycleMappingFactory - Using org.eclipse.m2e.jdt.JarLifecycleMapping lifecycle mapping for MavenProject: springAOP1-ex:springAOP1-ex:0.0.1-SNAPSHOT @ C:\Users\Moon\Desktop\framework-workspace1\springAOP1-ex\pom.xml.
2017-05-07 12:32:35,673 [Worker-15] WARN  o.e.m.c.i.embedder.EclipseLogger - Using platform encoding (MS949 actually) to copy filtered resources, i.e. build is platform dependent!
2017-05-07 12:32:35,675 [Worker-15] INFO  o.e.m.c.i.embedder.EclipseLogger - skip non existing resourceDirectory C:\Users\Moon\Desktop\framework-workspace1\springAOP1-ex\src\main\resources
2017-05-07 12:32:35,676 [Worker-15] WARN  o.e.m.c.i.embedder.EclipseLogger - Using platform encoding (MS949 actually) to copy filtered resources, i.e. build is platform dependent!
2017-05-07 12:32:35,677 [Worker-15] INFO  o.e.m.c.i.embedder.EclipseLogger - skip non existing resourceDirectory C:\Users\Moon\Desktop\framework-workspace1\springAOP1-ex\src\test\resources
2017-05-07 12:32:36,209 [Worker-15] INFO  o.e.m.c.i.l.LifecycleMappingFactory - Using org.eclipse.m2e.jdt.JarLifecycleMapping lifecycle mapping for MavenProject: springAOP1-solution:springAOP1-solution:0.0.1-SNAPSHOT @ C:\Users\Moon\Desktop\framework-workspace1\springAOP1-solution\pom.xml.
2017-05-07 12:32:36,741 [Worker-15] WARN  o.e.m.c.i.embedder.EclipseLogger - Using platform encoding (MS949 actually) to copy filtered resources, i.e. build is platform dependent!
2017-05-07 12:32:36,742 [Worker-15] INFO  o.e.m.c.i.embedder.EclipseLogger - skip non existing resourceDirectory C:\Users\Moon\Desktop\framework-workspace1\springAOP1-solution\src\main\resources
2017-05-07 12:32:36,743 [Worker-15] WARN  o.e.m.c.i.embedder.EclipseLogger - Using platform encoding (MS949 actually) to copy filtered resources, i.e. build is platform dependent!
2017-05-07 12:32:36,744 [Worker-15] INFO  o.e.m.c.i.embedder.EclipseLogger - skip non existing resourceDirectory C:\Users\Moon\Desktop\framework-workspace1\springAOP1-solution\src\test\resources
2017-05-07 12:32:41,213 [Worker-15] INFO  o.e.m.c.i.l.LifecycleMappingFactory - Using org.eclipse.m2e.jdt.JarLifecycleMapping lifecycle mapping for MavenProject: springAOP2-before:springAOP2-before:0.0.1-SNAPSHOT @ C:\Users\Moon\Desktop\framework-workspace1\springAOP2-before\pom.xml.
2017-05-07 12:32:42,004 [Worker-15] WARN  o.e.m.c.i.embedder.EclipseLogger - Using platform encoding (MS949 actually) to copy filtered resources, i.e. build is platform dependent!
2017-05-07 12:32:42,005 [Worker-15] INFO  o.e.m.c.i.embedder.EclipseLogger - skip non existing resourceDirectory C:\Users\Moon\Desktop\framework-workspace1\springAOP2-before\src\main\resources
2017-05-07 12:32:42,006 [Worker-15] WARN  o.e.m.c.i.embedder.EclipseLogger - Using platform encoding (MS949 actually) to copy filtered resources, i.e. build is platform dependent!
2017-05-07 12:32:42,008 [Worker-15] INFO  o.e.m.c.i.embedder.EclipseLogger - skip non existing resourceDirectory C:\Users\Moon\Desktop\framework-workspace1\springAOP2-before\src\test\resources
2017-05-07 12:32:44,060 [Worker-15] INFO  o.e.m.c.i.l.LifecycleMappingFactory - Using org.eclipse.m2e.jdt.JarLifecycleMapping lifecycle mapping for MavenProject: springAOP3-afterreturning:springAOP3-afterreturning:0.0.1-SNAPSHOT @ C:\Users\Moon\Desktop\framework-workspace1\springAOP3-afterreturning\pom.xml.
2017-05-07 12:32:44,476 [Worker-15] WARN  o.e.m.c.i.embedder.EclipseLogger - Using platform encoding (MS949 actually) to copy filtered resources, i.e. build is platform dependent!
2017-05-07 12:32:44,477 [Worker-15] INFO  o.e.m.c.i.embedder.EclipseLogger - skip non existing resourceDirectory C:\Users\Moon\Desktop\framework-workspace1\springAOP3-afterreturning\src\main\resources
2017-05-07 12:32:44,480 [Worker-15] WARN  o.e.m.c.i.embedder.EclipseLogger - Using platform encoding (MS949 actually) to copy filtered resources, i.e. build is platform dependent!
2017-05-07 12:32:44,481 [Worker-15] INFO  o.e.m.c.i.embedder.EclipseLogger - skip non existing resourceDirectory C:\Users\Moon\Desktop\framework-workspace1\springAOP3-afterreturning\src\test\resources
2017-05-07 12:32:46,219 [Worker-15] INFO  o.e.m.c.i.l.LifecycleMappingFactory - Using org.eclipse.m2e.jdt.JarLifecycleMapping lifecycle mapping for MavenProject: springAOP4-around:springAOP4-around:0.0.1-SNAPSHOT @ C:\Users\Moon\Desktop\framework-workspace1\springAOP4-around\pom.xml.
2017-05-07 12:32:46,576 [Worker-15] WARN  o.e.m.c.i.embedder.EclipseLogger - Using platform encoding (MS949 actually) to copy filtered resources, i.e. build is platform dependent!
2017-05-07 12:32:46,578 [Worker-15] INFO  o.e.m.c.i.embedder.EclipseLogger - skip non existing resourceDirectory C:\Users\Moon\Desktop\framework-workspace1\springAOP4-around\src\main\resources
2017-05-07 12:32:46,579 [Worker-15] WARN  o.e.m.c.i.embedder.EclipseLogger - Using platform encoding (MS949 actually) to copy filtered resources, i.e. build is platform dependent!
2017-05-07 12:32:46,582 [Worker-15] INFO  o.e.m.c.i.embedder.EclipseLogger - skip non existing resourceDirectory C:\Users\Moon\Desktop\framework-workspace1\springAOP4-around\src\test\resources
2017-05-07 12:32:47,693 [Worker-15] INFO  o.e.m.c.i.l.LifecycleMappingFactory - Using org.eclipse.m2e.jdt.JarLifecycleMapping lifecycle mapping for MavenProject: springAOP5-around:springAOP5-around:0.0.1-SNAPSHOT @ C:\Users\Moon\Desktop\framework-workspace1\springAOP5-around\pom.xml.
2017-05-07 12:32:48,247 [Worker-15] WARN  o.e.m.c.i.embedder.EclipseLogger - Using platform encoding (MS949 actually) to copy filtered resources, i.e. build is platform dependent!
2017-05-07 12:32:48,250 [Worker-15] INFO  o.e.m.c.i.embedder.EclipseLogger - skip non existing resourceDirectory C:\Users\Moon\Desktop\framework-workspace1\springAOP5-around\src\main\resources
2017-05-07 12:32:48,254 [Worker-15] WARN  o.e.m.c.i.embedder.EclipseLogger - Using platform encoding (MS949 actually) to copy filtered resources, i.e. build is platform dependent!
2017-05-07 12:32:48,255 [Worker-15] INFO  o.e.m.c.i.embedder.EclipseLogger - skip non existing resourceDirectory C:\Users\Moon\Desktop\framework-workspace1\springAOP5-around\src\test\resources
2017-05-07 12:32:51,424 [Worker-15] INFO  o.e.m.c.i.l.LifecycleMappingFactory - Using org.eclipse.m2e.jdt.JarLifecycleMapping lifecycle mapping for MavenProject: springIOC2-maven:springIOC2-maven:0.0.1-SNAPSHOT @ C:\Users\Moon\Desktop\framework-workspace1\springIOC2-maven\pom.xml.
2017-05-07 12:32:51,947 [Worker-15] WARN  o.e.m.c.i.embedder.EclipseLogger - Using platform encoding (MS949 actually) to copy filtered resources, i.e. build is platform dependent!
2017-05-07 12:32:51,948 [Worker-15] INFO  o.e.m.c.i.embedder.EclipseLogger - skip non existing resourceDirectory C:\Users\Moon\Desktop\framework-workspace1\springIOC2-maven\src\main\resources
2017-05-07 12:32:51,950 [Worker-15] WARN  o.e.m.c.i.embedder.EclipseLogger - Using platform encoding (MS949 actually) to copy filtered resources, i.e. build is platform dependent!
2017-05-07 12:32:51,951 [Worker-15] INFO  o.e.m.c.i.embedder.EclipseLogger - skip non existing resourceDirectory C:\Users\Moon\Desktop\framework-workspace1\springIOC2-maven\src\test\resources
2017-05-07 12:32:52,749 [Worker-15] INFO  o.e.m.c.i.l.LifecycleMappingFactory - Using org.eclipse.m2e.jdt.JarLifecycleMapping lifecycle mapping for MavenProject: springIOC3:springIOC3:0.0.1-SNAPSHOT @ C:\Users\Moon\Desktop\framework-workspace1\springIOC3\pom.xml.
2017-05-07 12:32:53,198 [Worker-15] WARN  o.e.m.c.i.embedder.EclipseLogger - Using platform encoding (MS949 actually) to copy filtered resources, i.e. build is platform dependent!
2017-05-07 12:32:53,199 [Worker-15] INFO  o.e.m.c.i.embedder.EclipseLogger - skip non existing resourceDirectory C:\Users\Moon\Desktop\framework-workspace1\springIOC3\src\main\resources
2017-05-07 12:32:53,200 [Worker-15] WARN  o.e.m.c.i.embedder.EclipseLogger - Using platform encoding (MS949 actually) to copy filtered resources, i.e. build is platform dependent!
2017-05-07 12:32:53,202 [Worker-15] INFO  o.e.m.c.i.embedder.EclipseLogger - skip non existing resourceDirectory C:\Users\Moon\Desktop\framework-workspace1\springIOC3\src\test\resources
2017-05-07 12:32:53,720 [Worker-15] INFO  o.e.m.c.i.l.LifecycleMappingFactory - Using org.eclipse.m2e.jdt.JarLifecycleMapping lifecycle mapping for MavenProject: springIOC4:springIOC4:0.0.1-SNAPSHOT @ C:\Users\Moon\Desktop\framework-workspace1\springIOC4\pom.xml.
2017-05-07 12:32:54,184 [Worker-15] WARN  o.e.m.c.i.embedder.EclipseLogger - Using platform encoding (MS949 actually) to copy filtered resources, i.e. build is platform dependent!
2017-05-07 12:32:54,186 [Worker-15] INFO  o.e.m.c.i.embedder.EclipseLogger - skip non existing resourceDirectory C:\Users\Moon\Desktop\framework-workspace1\springIOC4\src\main\resources
2017-05-07 12:32:54,189 [Worker-15] WARN  o.e.m.c.i.embedder.EclipseLogger - Using platform encoding (MS949 actually) to copy filtered resources, i.e. build is platform dependent!
2017-05-07 12:32:54,191 [Worker-15] INFO  o.e.m.c.i.embedder.EclipseLogger - skip non existing resourceDirectory C:\Users\Moon\Desktop\framework-workspace1\springIOC4\src\test\resources
2017-05-07 12:32:55,075 [Worker-15] INFO  o.e.m.c.i.l.LifecycleMappingFactory - Using org.eclipse.m2e.jdt.JarLifecycleMapping lifecycle mapping for MavenProject: springIOC5-sol:springIOC5-sol:0.0.1-SNAPSHOT @ C:\Users\Moon\Desktop\framework-workspace1\springIOC5-sol\pom.xml.
2017-05-07 12:32:55,435 [Worker-15] WARN  o.e.m.c.i.embedder.EclipseLogger - Using platform encoding (MS949 actually) to copy filtered resources, i.e. build is platform dependent!
2017-05-07 12:32:55,437 [Worker-15] INFO  o.e.m.c.i.embedder.EclipseLogger - skip non existing resourceDirectory C:\Users\Moon\Desktop\framework-workspace1\springIOC5-sol\src\main\resources
2017-05-07 12:32:55,438 [Worker-15] WARN  o.e.m.c.i.embedder.EclipseLogger - Using platform encoding (MS949 actually) to copy filtered resources, i.e. build is platform dependent!
2017-05-07 12:32:55,439 [Worker-15] INFO  o.e.m.c.i.embedder.EclipseLogger - skip non existing resourceDirectory C:\Users\Moon\Desktop\framework-workspace1\springIOC5-sol\src\test\resources
2017-05-07 12:32:56,285 [Worker-15] INFO  o.e.m.c.i.l.LifecycleMappingFactory - Using org.eclipse.m2e.jdt.JarLifecycleMapping lifecycle mapping for MavenProject: springIOC6:springIOC6:0.0.1-SNAPSHOT @ C:\Users\Moon\Desktop\framework-workspace1\springIOC6\pom.xml.
2017-05-07 12:32:56,816 [Worker-15] WARN  o.e.m.c.i.embedder.EclipseLogger - Using platform encoding (MS949 actually) to copy filtered resources, i.e. build is platform dependent!
2017-05-07 12:32:56,817 [Worker-15] INFO  o.e.m.c.i.embedder.EclipseLogger - skip non existing resourceDirectory C:\Users\Moon\Desktop\framework-workspace1\springIOC6\src\main\resources
2017-05-07 12:32:56,818 [Worker-15] WARN  o.e.m.c.i.embedder.EclipseLogger - Using platform encoding (MS949 actually) to copy filtered resources, i.e. build is platform dependent!
2017-05-07 12:32:56,823 [Worker-15] INFO  o.e.m.c.i.embedder.EclipseLogger - skip non existing resourceDirectory C:\Users\Moon\Desktop\framework-workspace1\springIOC6\src\test\resources
2017-05-07 12:32:57,966 [Worker-15] INFO  o.e.m.c.i.l.LifecycleMappingFactory - Using org.eclipse.m2e.jdt.JarLifecycleMapping lifecycle mapping for MavenProject: springIOC7:springIOC7:0.0.1-SNAPSHOT @ C:\Users\Moon\Desktop\framework-workspace1\springIOC7\pom.xml.
2017-05-07 12:33:00,093 [Worker-15] WARN  o.e.m.c.i.embedder.EclipseLogger - Using platform encoding (MS949 actually) to copy filtered resources, i.e. build is platform dependent!
2017-05-07 12:33:00,095 [Worker-15] INFO  o.e.m.c.i.embedder.EclipseLogger - skip non existing resourceDirectory C:\Users\Moon\Desktop\framework-workspace1\springIOC7\src\main\resources
2017-05-07 12:33:00,096 [Worker-15] WARN  o.e.m.c.i.embedder.EclipseLogger - Using platform encoding (MS949 actually) to copy filtered resources, i.e. build is platform dependent!
2017-05-07 12:33:00,097 [Worker-15] INFO  o.e.m.c.i.embedder.EclipseLogger - skip non existing resourceDirectory C:\Users\Moon\Desktop\framework-workspace1\springIOC7\src\test\resources
2017-05-07 12:33:00,759 [Worker-15] INFO  o.e.m.c.i.l.LifecycleMappingFactory - Using org.eclipse.m2e.jdt.JarLifecycleMapping lifecycle mapping for MavenProject: springIOC8:springIOC8:0.0.1-SNAPSHOT @ C:\Users\Moon\Desktop\framework-workspace1\springIOC8-dbcp\pom.xml.
2017-05-07 12:33:01,195 [Worker-15] WARN  o.e.m.c.i.embedder.EclipseLogger - Using platform encoding (MS949 actually) to copy filtered resources, i.e. build is platform dependent!
2017-05-07 12:33:01,198 [Worker-15] INFO  o.e.m.c.i.embedder.EclipseLogger - skip non existing resourceDirectory C:\Users\Moon\Desktop\framework-workspace1\springIOC8-dbcp\src\main\resources
2017-05-07 12:33:01,199 [Worker-15] WARN  o.e.m.c.i.embedder.EclipseLogger - Using platform encoding (MS949 actually) to copy filtered resources, i.e. build is platform dependent!
2017-05-07 12:33:01,201 [Worker-15] INFO  o.e.m.c.i.embedder.EclipseLogger - skip non existing resourceDirectory C:\Users\Moon\Desktop\framework-workspace1\springIOC8-dbcp\src\test\resources
2017-05-07 12:33:02,160 [Worker-15] INFO  o.e.m.c.i.l.LifecycleMappingFactory - Using org.eclipse.m2e.jdt.JarLifecycleMapping lifecycle mapping for MavenProject: springIOC9:springIOC9:0.0.1-SNAPSHOT @ C:\Users\Moon\Desktop\framework-workspace1\springIOC9\pom.xml.
2017-05-07 12:33:02,629 [Worker-15] WARN  o.e.m.c.i.embedder.EclipseLogger - Using platform encoding (MS949 actually) to copy filtered resources, i.e. build is platform dependent!
2017-05-07 12:33:02,630 [Worker-15] INFO  o.e.m.c.i.embedder.EclipseLogger - skip non existing resourceDirectory C:\Users\Moon\Desktop\framework-workspace1\springIOC9\src\main\resources
2017-05-07 12:33:02,633 [Worker-15] WARN  o.e.m.c.i.embedder.EclipseLogger - Using platform encoding (MS949 actually) to copy filtered resources, i.e. build is platform dependent!
2017-05-07 12:33:02,634 [Worker-15] INFO  o.e.m.c.i.embedder.EclipseLogger - skip non existing resourceDirectory C:\Users\Moon\Desktop\framework-workspace1\springIOC9\src\test\resources
2017-05-07 12:33:05,462 [Worker-5] WARN  o.e.m.c.i.embedder.EclipseLogger - Using platform encoding (MS949 actually) to copy filtered resources, i.e. build is platform dependent!
2017-05-07 12:33:05,465 [Worker-5] INFO  o.e.m.c.i.embedder.EclipseLogger - skip non existing resourceDirectory C:\Users\Moon\Desktop\framework-workspace1\log4j-test\src\main\resources
2017-05-07 12:33:05,467 [Worker-5] WARN  o.e.m.c.i.embedder.EclipseLogger - Using platform encoding (MS949 actually) to copy filtered resources, i.e. build is platform dependent!
2017-05-07 12:33:05,468 [Worker-5] INFO  o.e.m.c.i.embedder.EclipseLogger - skip non existing resourceDirectory C:\Users\Moon\Desktop\framework-workspace1\log4j-test\src\test\resources
2017-05-07 12:33:06,717 [Worker-5] WARN  o.e.m.c.i.embedder.EclipseLogger - Using platform encoding (MS949 actually) to copy filtered resources, i.e. build is platform dependent!
2017-05-07 12:33:06,733 [Worker-5] INFO  o.e.m.c.i.embedder.EclipseLogger - Copying 8 resources
2017-05-07 12:33:06,774 [Worker-5] WARN  o.e.m.c.i.embedder.EclipseLogger - Using platform encoding (MS949 actually) to copy filtered resources, i.e. build is platform dependent!
2017-05-07 12:33:06,775 [Worker-5] INFO  o.e.m.c.i.embedder.EclipseLogger - skip non existing resourceDirectory C:\Users\Moon\Desktop\framework-workspace1\mybatis-study\src\test\resources
2017-05-07 12:33:07,204 [Worker-5] WARN  o.e.m.c.i.embedder.EclipseLogger - Using platform encoding (MS949 actually) to copy filtered resources, i.e. build is platform dependent!
2017-05-07 12:33:07,206 [Worker-5] INFO  o.e.m.c.i.embedder.EclipseLogger - skip non existing resourceDirectory C:\Users\Moon\Desktop\framework-workspace1\springAOP1-ex\src\main\resources
2017-05-07 12:33:07,208 [Worker-5] WARN  o.e.m.c.i.embedder.EclipseLogger - Using platform encoding (MS949 actually) to copy filtered resources, i.e. build is platform dependent!
2017-05-07 12:33:07,210 [Worker-5] INFO  o.e.m.c.i.embedder.EclipseLogger - skip non existing resourceDirectory C:\Users\Moon\Desktop\framework-workspace1\springAOP1-ex\src\test\resources
2017-05-07 12:33:07,763 [Worker-5] WARN  o.e.m.c.i.embedder.EclipseLogger - Using platform encoding (MS949 actually) to copy filtered resources, i.e. build is platform dependent!
2017-05-07 12:33:07,765 [Worker-5] INFO  o.e.m.c.i.embedder.EclipseLogger - skip non existing resourceDirectory C:\Users\Moon\Desktop\framework-workspace1\springAOP1-solution\src\main\resources
2017-05-07 12:33:07,767 [Worker-5] WARN  o.e.m.c.i.embedder.EclipseLogger - Using platform encoding (MS949 actually) to copy filtered resources, i.e. build is platform dependent!
2017-05-07 12:33:07,768 [Worker-5] INFO  o.e.m.c.i.embedder.EclipseLogger - skip non existing resourceDirectory C:\Users\Moon\Desktop\framework-workspace1\springAOP1-solution\src\test\resources
2017-05-07 12:33:08,773 [Worker-5] WARN  o.e.m.c.i.embedder.EclipseLogger - Using platform encoding (MS949 actually) to copy filtered resources, i.e. build is platform dependent!
2017-05-07 12:33:08,775 [Worker-5] INFO  o.e.m.c.i.embedder.EclipseLogger - skip non existing resourceDirectory C:\Users\Moon\Desktop\framework-workspace1\springAOP2-before\src\main\resources
2017-05-07 12:33:08,779 [Worker-5] WARN  o.e.m.c.i.embedder.EclipseLogger - Using platform encoding (MS949 actually) to copy filtered resources, i.e. build is platform dependent!
2017-05-07 12:33:08,781 [Worker-5] INFO  o.e.m.c.i.embedder.EclipseLogger - skip non existing resourceDirectory C:\Users\Moon\Desktop\framework-workspace1\springAOP2-before\src\test\resources
2017-05-07 12:33:09,739 [Worker-5] WARN  o.e.m.c.i.embedder.EclipseLogger - Using platform encoding (MS949 actually) to copy filtered resources, i.e. build is platform dependent!
2017-05-07 12:33:09,741 [Worker-5] INFO  o.e.m.c.i.embedder.EclipseLogger - skip non existing resourceDirectory C:\Users\Moon\Desktop\framework-workspace1\springAOP3-afterreturning\src\main\resources
2017-05-07 12:33:09,743 [Worker-5] WARN  o.e.m.c.i.embedder.EclipseLogger - Using platform encoding (MS949 actually) to copy filtered resources, i.e. build is platform dependent!
2017-05-07 12:33:09,744 [Worker-5] INFO  o.e.m.c.i.embedder.EclipseLogger - skip non existing resourceDirectory C:\Users\Moon\Desktop\framework-workspace1\springAOP3-afterreturning\src\test\resources
2017-05-07 12:33:10,365 [Worker-5] WARN  o.e.m.c.i.embedder.EclipseLogger - Using platform encoding (MS949 actually) to copy filtered resources, i.e. build is platform dependent!
2017-05-07 12:33:10,366 [Worker-5] INFO  o.e.m.c.i.embedder.EclipseLogger - skip non existing resourceDirectory C:\Users\Moon\Desktop\framework-workspace1\springAOP4-around\src\main\resources
2017-05-07 12:33:10,367 [Worker-5] WARN  o.e.m.c.i.embedder.EclipseLogger - Using platform encoding (MS949 actually) to copy filtered resources, i.e. build is platform dependent!
2017-05-07 12:33:10,368 [Worker-5] INFO  o.e.m.c.i.embedder.EclipseLogger - skip non existing resourceDirectory C:\Users\Moon\Desktop\framework-workspace1\springAOP4-around\src\test\resources
2017-05-07 12:33:11,607 [Worker-5] WARN  o.e.m.c.i.embedder.EclipseLogger - Using platform encoding (MS949 actually) to copy filtered resources, i.e. build is platform dependent!
2017-05-07 12:33:11,608 [Worker-5] INFO  o.e.m.c.i.embedder.EclipseLogger - skip non existing resourceDirectory C:\Users\Moon\Desktop\framework-workspace1\springAOP5-around\src\main\resources
2017-05-07 12:33:11,609 [Worker-5] WARN  o.e.m.c.i.embedder.EclipseLogger - Using platform encoding (MS949 actually) to copy filtered resources, i.e. build is platform dependent!
2017-05-07 12:33:11,610 [Worker-5] INFO  o.e.m.c.i.embedder.EclipseLogger - skip non existing resourceDirectory C:\Users\Moon\Desktop\framework-workspace1\springAOP5-around\src\test\resources
2017-05-07 12:33:12,241 [Worker-5] WARN  o.e.m.c.i.embedder.EclipseLogger - Using platform encoding (MS949 actually) to copy filtered resources, i.e. build is platform dependent!
2017-05-07 12:33:12,243 [Worker-5] INFO  o.e.m.c.i.embedder.EclipseLogger - skip non existing resourceDirectory C:\Users\Moon\Desktop\framework-workspace1\springIOC2-maven\src\main\resources
2017-05-07 12:33:12,244 [Worker-5] WARN  o.e.m.c.i.embedder.EclipseLogger - Using platform encoding (MS949 actually) to copy filtered resources, i.e. build is platform dependent!
2017-05-07 12:33:12,245 [Worker-5] INFO  o.e.m.c.i.embedder.EclipseLogger - skip non existing resourceDirectory C:\Users\Moon\Desktop\framework-workspace1\springIOC2-maven\src\test\resources
2017-05-07 12:33:12,432 [Worker-5] WARN  o.e.m.c.i.embedder.EclipseLogger - Using platform encoding (MS949 actually) to copy filtered resources, i.e. build is platform dependent!
2017-05-07 12:33:12,433 [Worker-5] INFO  o.e.m.c.i.embedder.EclipseLogger - skip non existing resourceDirectory C:\Users\Moon\Desktop\framework-workspace1\springIOC3\src\main\resources
2017-05-07 12:33:12,434 [Worker-5] WARN  o.e.m.c.i.embedder.EclipseLogger - Using platform encoding (MS949 actually) to copy filtered resources, i.e. build is platform dependent!
2017-05-07 12:33:12,435 [Worker-5] INFO  o.e.m.c.i.embedder.EclipseLogger - skip non existing resourceDirectory C:\Users\Moon\Desktop\framework-workspace1\springIOC3\src\test\resources
2017-05-07 12:33:12,710 [Worker-5] WARN  o.e.m.c.i.embedder.EclipseLogger - Using platform encoding (MS949 actually) to copy filtered resources, i.e. build is platform dependent!
2017-05-07 12:33:12,711 [Worker-5] INFO  o.e.m.c.i.embedder.EclipseLogger - skip non existing resourceDirectory C:\Users\Moon\Desktop\framework-workspace1\springIOC4\src\main\resources
2017-05-07 12:33:12,712 [Worker-5] WARN  o.e.m.c.i.embedder.EclipseLogger - Using platform encoding (MS949 actually) to copy filtered resources, i.e. build is platform dependent!
2017-05-07 12:33:12,713 [Worker-5] INFO  o.e.m.c.i.embedder.EclipseLogger - skip non existing resourceDirectory C:\Users\Moon\Desktop\framework-workspace1\springIOC4\src\test\resources
2017-05-07 12:33:13,195 [Worker-5] WARN  o.e.m.c.i.embedder.EclipseLogger - Using platform encoding (MS949 actually) to copy filtered resources, i.e. build is platform dependent!
2017-05-07 12:33:13,197 [Worker-5] INFO  o.e.m.c.i.embedder.EclipseLogger - skip non existing resourceDirectory C:\Users\Moon\Desktop\framework-workspace1\springIOC5-sol\src\main\resources
2017-05-07 12:33:13,198 [Worker-5] WARN  o.e.m.c.i.embedder.EclipseLogger - Using platform encoding (MS949 actually) to copy filtered resources, i.e. build is platform dependent!
2017-05-07 12:33:13,199 [Worker-5] INFO  o.e.m.c.i.embedder.EclipseLogger - skip non existing resourceDirectory C:\Users\Moon\Desktop\framework-workspace1\springIOC5-sol\src\test\resources
2017-05-07 12:33:13,763 [Worker-5] WARN  o.e.m.c.i.embedder.EclipseLogger - Using platform encoding (MS949 actually) to copy filtered resources, i.e. build is platform dependent!
2017-05-07 12:33:13,764 [Worker-5] INFO  o.e.m.c.i.embedder.EclipseLogger - skip non existing resourceDirectory C:\Users\Moon\Desktop\framework-workspace1\springIOC6\src\main\resources
2017-05-07 12:33:13,766 [Worker-5] WARN  o.e.m.c.i.embedder.EclipseLogger - Using platform encoding (MS949 actually) to copy filtered resources, i.e. build is platform dependent!
2017-05-07 12:33:13,768 [Worker-5] INFO  o.e.m.c.i.embedder.EclipseLogger - skip non existing resourceDirectory C:\Users\Moon\Desktop\framework-workspace1\springIOC6\src\test\resources
2017-05-07 12:33:14,860 [Worker-5] WARN  o.e.m.c.i.embedder.EclipseLogger - Using platform encoding (MS949 actually) to copy filtered resources, i.e. build is platform dependent!
2017-05-07 12:33:14,861 [Worker-5] INFO  o.e.m.c.i.embedder.EclipseLogger - skip non existing resourceDirectory C:\Users\Moon\Desktop\framework-workspace1\springIOC7\src\main\resources
2017-05-07 12:33:14,862 [Worker-5] WARN  o.e.m.c.i.embedder.EclipseLogger - Using platform encoding (MS949 actually) to copy filtered resources, i.e. build is platform dependent!
2017-05-07 12:33:14,863 [Worker-5] INFO  o.e.m.c.i.embedder.EclipseLogger - skip non existing resourceDirectory C:\Users\Moon\Desktop\framework-workspace1\springIOC7\src\test\resources
2017-05-07 12:33:15,302 [Worker-5] WARN  o.e.m.c.i.embedder.EclipseLogger - Using platform encoding (MS949 actually) to copy filtered resources, i.e. build is platform dependent!
2017-05-07 12:33:15,303 [Worker-5] INFO  o.e.m.c.i.embedder.EclipseLogger - skip non existing resourceDirectory C:\Users\Moon\Desktop\framework-workspace1\springIOC8-dbcp\src\main\resources
2017-05-07 12:33:15,304 [Worker-5] WARN  o.e.m.c.i.embedder.EclipseLogger - Using platform encoding (MS949 actually) to copy filtered resources, i.e. build is platform dependent!
2017-05-07 12:33:15,305 [Worker-5] INFO  o.e.m.c.i.embedder.EclipseLogger - skip non existing resourceDirectory C:\Users\Moon\Desktop\framework-workspace1\springIOC8-dbcp\src\test\resources
2017-05-07 12:33:15,731 [Worker-5] WARN  o.e.m.c.i.embedder.EclipseLogger - Using platform encoding (MS949 actually) to copy filtered resources, i.e. build is platform dependent!
2017-05-07 12:33:15,732 [Worker-5] INFO  o.e.m.c.i.embedder.EclipseLogger - skip non existing resourceDirectory C:\Users\Moon\Desktop\framework-workspace1\springIOC9\src\main\resources
2017-05-07 12:33:15,734 [Worker-5] WARN  o.e.m.c.i.embedder.EclipseLogger - Using platform encoding (MS949 actually) to copy filtered resources, i.e. build is platform dependent!
2017-05-07 12:33:15,747 [Worker-5] INFO  o.e.m.c.i.embedder.EclipseLogger - skip non existing resourceDirectory C:\Users\Moon\Desktop\framework-workspace1\springIOC9\src\test\resources
2017-05-07 12:35:11,640 [Worker-3] INFO  o.e.m.c.i.p.ProjectConfigurationManager - Update started
2017-05-07 12:35:12,762 [Worker-3] INFO  o.e.m.c.i.l.LifecycleMappingFactory - Using org.eclipse.m2e.jdt.JarLifecycleMapping lifecycle mapping for MavenProject: log4j-text:log4j-text:0.0.1-SNAPSHOT @ C:\Users\Moon\Desktop\framework-workspace1\log4j-test\pom.xml.
2017-05-07 12:35:12,836 [Worker-3] INFO  o.e.m.c.i.l.LifecycleMappingFactory - Using org.eclipse.m2e.jdt.JarLifecycleMapping lifecycle mapping for MavenProject: mybatis-study:mybatis-study:0.0.1-SNAPSHOT @ C:\Users\Moon\Desktop\framework-workspace1\mybatis-study\pom.xml.
2017-05-07 12:35:12,880 [Worker-3] INFO  o.e.m.c.i.l.LifecycleMappingFactory - Using org.eclipse.m2e.jdt.JarLifecycleMapping lifecycle mapping for MavenProject: springAOP1-ex:springAOP1-ex:0.0.1-SNAPSHOT @ C:\Users\Moon\Desktop\framework-workspace1\springAOP1-ex\pom.xml.
2017-05-07 12:35:12,943 [Worker-3] INFO  o.e.m.c.i.l.LifecycleMappingFactory - Using org.eclipse.m2e.jdt.JarLifecycleMapping lifecycle mapping for MavenProject: springAOP1-solution:springAOP1-solution:0.0.1-SNAPSHOT @ C:\Users\Moon\Desktop\framework-workspace1\springAOP1-solution\pom.xml.
2017-05-07 12:35:12,989 [Worker-3] INFO  o.e.m.c.i.l.LifecycleMappingFactory - Using org.eclipse.m2e.jdt.JarLifecycleMapping lifecycle mapping for MavenProject: springAOP2-before:springAOP2-before:0.0.1-SNAPSHOT @ C:\Users\Moon\Desktop\framework-workspace1\springAOP2-before\pom.xml.
2017-05-07 12:35:13,048 [Worker-3] INFO  o.e.m.c.i.l.LifecycleMappingFactory - Using org.eclipse.m2e.jdt.JarLifecycleMapping lifecycle mapping for MavenProject: springAOP3-afterreturning:springAOP3-afterreturning:0.0.1-SNAPSHOT @ C:\Users\Moon\Desktop\framework-workspace1\springAOP3-afterreturning\pom.xml.
2017-05-07 12:35:13,090 [Worker-3] INFO  o.e.m.c.i.l.LifecycleMappingFactory - Using org.eclipse.m2e.jdt.JarLifecycleMapping lifecycle mapping for MavenProject: springAOP4-around:springAOP4-around:0.0.1-SNAPSHOT @ C:\Users\Moon\Desktop\framework-workspace1\springAOP4-around\pom.xml.
2017-05-07 12:35:13,147 [Worker-3] INFO  o.e.m.c.i.l.LifecycleMappingFactory - Using org.eclipse.m2e.jdt.JarLifecycleMapping lifecycle mapping for MavenProject: springAOP5-around:springAOP5-around:0.0.1-SNAPSHOT @ C:\Users\Moon\Desktop\framework-workspace1\springAOP5-around\pom.xml.
2017-05-07 12:35:13,191 [Worker-3] INFO  o.e.m.c.i.l.LifecycleMappingFactory - Using org.eclipse.m2e.jdt.JarLifecycleMapping lifecycle mapping for MavenProject: springIOC2-maven:springIOC2-maven:0.0.1-SNAPSHOT @ C:\Users\Moon\Desktop\framework-workspace1\springIOC2-maven\pom.xml.
2017-05-07 12:35:13,254 [Worker-3] INFO  o.e.m.c.i.l.LifecycleMappingFactory - Using org.eclipse.m2e.jdt.JarLifecycleMapping lifecycle mapping for MavenProject: springIOC3:springIOC3:0.0.1-SNAPSHOT @ C:\Users\Moon\Desktop\framework-workspace1\springIOC3\pom.xml.
2017-05-07 12:35:13,300 [Worker-3] INFO  o.e.m.c.i.l.LifecycleMappingFactory - Using org.eclipse.m2e.jdt.JarLifecycleMapping lifecycle mapping for MavenProject: springIOC4:springIOC4:0.0.1-SNAPSHOT @ C:\Users\Moon\Desktop\framework-workspace1\springIOC4\pom.xml.
2017-05-07 12:35:13,339 [Worker-3] INFO  o.e.m.c.i.l.LifecycleMappingFactory - Using org.eclipse.m2e.jdt.JarLifecycleMapping lifecycle mapping for MavenProject: springIOC5-sol:springIOC5-sol:0.0.1-SNAPSHOT @ C:\Users\Moon\Desktop\framework-workspace1\springIOC5-sol\pom.xml.
2017-05-07 12:35:13,399 [Worker-3] INFO  o.e.m.c.i.l.LifecycleMappingFactory - Using org.eclipse.m2e.jdt.JarLifecycleMapping lifecycle mapping for MavenProject: springIOC6:springIOC6:0.0.1-SNAPSHOT @ C:\Users\Moon\Desktop\framework-workspace1\springIOC6\pom.xml.
2017-05-07 12:35:13,435 [Worker-3] INFO  o.e.m.c.i.l.LifecycleMappingFactory - Using org.eclipse.m2e.jdt.JarLifecycleMapping lifecycle mapping for MavenProject: springIOC7:springIOC7:0.0.1-SNAPSHOT @ C:\Users\Moon\Desktop\framework-workspace1\springIOC7\pom.xml.
2017-05-07 12:35:13,474 [Worker-3] INFO  o.e.m.c.i.l.LifecycleMappingFactory - Using org.eclipse.m2e.jdt.JarLifecycleMapping lifecycle mapping for MavenProject: springIOC8:springIOC8:0.0.1-SNAPSHOT @ C:\Users\Moon\Desktop\framework-workspace1\springIOC8-dbcp\pom.xml.
2017-05-07 12:35:13,527 [Worker-3] INFO  o.e.m.c.i.l.LifecycleMappingFactory - Using org.eclipse.m2e.jdt.JarLifecycleMapping lifecycle mapping for MavenProject: springIOC9:springIOC9:0.0.1-SNAPSHOT @ C:\Users\Moon\Desktop\framework-workspace1\springIOC9\pom.xml.
2017-05-07 12:35:14,632 [Worker-3] INFO  o.e.m.j.i.AbstractJavaProjectConfigurator - Adding source folder /log4j-test/src
2017-05-07 12:35:14,632 [Worker-3] INFO  o.e.m.j.i.AbstractJavaProjectConfigurator - Not adding source folder /log4j-test/src/test/java because it overlaps with /log4j-test/src
2017-05-07 12:35:15,394 [Worker-3] INFO  o.e.m.j.i.AbstractJavaProjectConfigurator - Adding source folder /mybatis-study/src
2017-05-07 12:35:15,395 [Worker-3] INFO  o.e.m.j.i.AbstractJavaProjectConfigurator - Resources folder /mybatis-study/src overlaps with sources folder /mybatis-study/src
2017-05-07 12:35:15,396 [Worker-3] INFO  o.e.m.j.i.AbstractJavaProjectConfigurator - Not adding source folder /mybatis-study/src/test/java because it overlaps with /mybatis-study/src
2017-05-07 12:35:15,607 [Worker-3] INFO  o.e.m.j.i.AbstractJavaProjectConfigurator - Adding source folder /springAOP1-ex/src
2017-05-07 12:35:15,608 [Worker-3] INFO  o.e.m.j.i.AbstractJavaProjectConfigurator - Not adding source folder /springAOP1-ex/src/test/java because it overlaps with /springAOP1-ex/src
2017-05-07 12:35:16,067 [Worker-3] INFO  o.e.m.j.i.AbstractJavaProjectConfigurator - Adding source folder /springAOP1-solution/src
2017-05-07 12:35:16,068 [Worker-3] INFO  o.e.m.j.i.AbstractJavaProjectConfigurator - Not adding source folder /springAOP1-solution/src/test/java because it overlaps with /springAOP1-solution/src
2017-05-07 12:35:16,171 [Worker-3] INFO  o.e.m.j.i.AbstractJavaProjectConfigurator - Adding source folder /springAOP2-before/src
2017-05-07 12:35:16,171 [Worker-3] INFO  o.e.m.j.i.AbstractJavaProjectConfigurator - Not adding source folder /springAOP2-before/src/test/java because it overlaps with /springAOP2-before/src
2017-05-07 12:35:16,320 [Worker-3] INFO  o.e.m.j.i.AbstractJavaProjectConfigurator - Adding source folder /springAOP3-afterreturning/src
2017-05-07 12:35:16,321 [Worker-3] INFO  o.e.m.j.i.AbstractJavaProjectConfigurator - Not adding source folder /springAOP3-afterreturning/src/test/java because it overlaps with /springAOP3-afterreturning/src
2017-05-07 12:35:16,439 [Worker-3] INFO  o.e.m.j.i.AbstractJavaProjectConfigurator - Adding source folder /springAOP4-around/src
2017-05-07 12:35:16,440 [Worker-3] INFO  o.e.m.j.i.AbstractJavaProjectConfigurator - Not adding source folder /springAOP4-around/src/test/java because it overlaps with /springAOP4-around/src
2017-05-07 12:35:16,554 [Worker-3] INFO  o.e.m.j.i.AbstractJavaProjectConfigurator - Adding source folder /springAOP5-around/src
2017-05-07 12:35:16,554 [Worker-3] INFO  o.e.m.j.i.AbstractJavaProjectConfigurator - Not adding source folder /springAOP5-around/src/test/java because it overlaps with /springAOP5-around/src
2017-05-07 12:35:16,714 [Worker-3] INFO  o.e.m.j.i.AbstractJavaProjectConfigurator - Adding source folder /springIOC2-maven/src
2017-05-07 12:35:16,714 [Worker-3] INFO  o.e.m.j.i.AbstractJavaProjectConfigurator - Not adding source folder /springIOC2-maven/src/test/java because it overlaps with /springIOC2-maven/src
2017-05-07 12:35:17,342 [Worker-3] INFO  o.e.m.j.i.AbstractJavaProjectConfigurator - Adding source folder /springIOC3/src
2017-05-07 12:35:17,342 [Worker-3] INFO  o.e.m.j.i.AbstractJavaProjectConfigurator - Not adding source folder /springIOC3/src/test/java because it overlaps with /springIOC3/src
2017-05-07 12:35:17,508 [Worker-3] INFO  o.e.m.j.i.AbstractJavaProjectConfigurator - Adding source folder /springIOC4/src
2017-05-07 12:35:17,509 [Worker-3] INFO  o.e.m.j.i.AbstractJavaProjectConfigurator - Not adding source folder /springIOC4/src/test/java because it overlaps with /springIOC4/src
2017-05-07 12:35:17,700 [Worker-3] INFO  o.e.m.j.i.AbstractJavaProjectConfigurator - Adding source folder /springIOC5-sol/src
2017-05-07 12:35:17,701 [Worker-3] INFO  o.e.m.j.i.AbstractJavaProjectConfigurator - Not adding source folder /springIOC5-sol/src/test/java because it overlaps with /springIOC5-sol/src
2017-05-07 12:35:17,839 [Worker-3] INFO  o.e.m.j.i.AbstractJavaProjectConfigurator - Adding source folder /springIOC6/src
2017-05-07 12:35:17,840 [Worker-3] INFO  o.e.m.j.i.AbstractJavaProjectConfigurator - Not adding source folder /springIOC6/src/test/java because it overlaps with /springIOC6/src
2017-05-07 12:35:18,221 [Worker-3] INFO  o.e.m.j.i.AbstractJavaProjectConfigurator - Adding source folder /springIOC7/src
2017-05-07 12:35:18,221 [Worker-3] INFO  o.e.m.j.i.AbstractJavaProjectConfigurator - Not adding source folder /springIOC7/src/test/java because it overlaps with /springIOC7/src
2017-05-07 12:35:18,903 [Worker-3] INFO  o.e.m.j.i.AbstractJavaProjectConfigurator - Adding source folder /springIOC8-dbcp/src
2017-05-07 12:35:18,904 [Worker-3] INFO  o.e.m.j.i.AbstractJavaProjectConfigurator - Not adding source folder /springIOC8-dbcp/src/test/java because it overlaps with /springIOC8-dbcp/src
2017-05-07 12:35:19,156 [Worker-3] INFO  o.e.m.j.i.AbstractJavaProjectConfigurator - Adding source folder /springIOC9/src
2017-05-07 12:35:19,157 [Worker-3] INFO  o.e.m.j.i.AbstractJavaProjectConfigurator - Not adding source folder /springIOC9/src/test/java because it overlaps with /springIOC9/src
2017-05-07 12:35:20,980 [Worker-3] INFO  o.e.m.c.i.p.ProjectConfigurationManager - Update completed: 9 sec
2017-05-07 12:35:22,682 [Worker-5] WARN  o.e.m.c.i.embedder.EclipseLogger - Using platform encoding (MS949 actually) to copy filtered resources, i.e. build is platform dependent!
2017-05-07 12:35:22,683 [Worker-5] INFO  o.e.m.c.i.embedder.EclipseLogger - skip non existing resourceDirectory C:\Users\Moon\Desktop\framework-workspace1\log4j-test\src\main\resources
2017-05-07 12:35:22,685 [Worker-5] WARN  o.e.m.c.i.embedder.EclipseLogger - Using platform encoding (MS949 actually) to copy filtered resources, i.e. build is platform dependent!
2017-05-07 12:35:22,687 [Worker-5] INFO  o.e.m.c.i.embedder.EclipseLogger - skip non existing resourceDirectory C:\Users\Moon\Desktop\framework-workspace1\log4j-test\src\test\resources
2017-05-07 12:35:24,780 [Worker-18] WARN  o.e.m.c.i.embedder.EclipseLogger - Using platform encoding (MS949 actually) to copy filtered resources, i.e. build is platform dependent!
2017-05-07 12:35:24,788 [Worker-18] INFO  o.e.m.c.i.embedder.EclipseLogger - Copying 8 resources
2017-05-07 12:35:25,124 [Worker-18] WARN  o.e.m.c.i.embedder.EclipseLogger - Using platform encoding (MS949 actually) to copy filtered resources, i.e. build is platform dependent!
2017-05-07 12:35:25,125 [Worker-18] INFO  o.e.m.c.i.embedder.EclipseLogger - skip non existing resourceDirectory C:\Users\Moon\Desktop\framework-workspace1\mybatis-study\src\test\resources
2017-05-07 12:35:26,286 [Worker-5] WARN  o.e.m.c.i.embedder.EclipseLogger - Using platform encoding (MS949 actually) to copy filtered resources, i.e. build is platform dependent!
2017-05-07 12:35:26,287 [Worker-5] INFO  o.e.m.c.i.embedder.EclipseLogger - skip non existing resourceDirectory C:\Users\Moon\Desktop\framework-workspace1\springAOP1-ex\src\main\resources
2017-05-07 12:35:26,288 [Worker-5] WARN  o.e.m.c.i.embedder.EclipseLogger - Using platform encoding (MS949 actually) to copy filtered resources, i.e. build is platform dependent!
2017-05-07 12:35:26,290 [Worker-5] INFO  o.e.m.c.i.embedder.EclipseLogger - skip non existing resourceDirectory C:\Users\Moon\Desktop\framework-workspace1\springAOP1-ex\src\test\resources
2017-05-07 12:35:26,675 [Worker-5] WARN  o.e.m.c.i.embedder.EclipseLogger - Using platform encoding (MS949 actually) to copy filtered resources, i.e. build is platform dependent!
2017-05-07 12:35:26,676 [Worker-5] INFO  o.e.m.c.i.embedder.EclipseLogger - skip non existing resourceDirectory C:\Users\Moon\Desktop\framework-workspace1\springAOP1-solution\src\main\resources
2017-05-07 12:35:26,678 [Worker-5] WARN  o.e.m.c.i.embedder.EclipseLogger - Using platform encoding (MS949 actually) to copy filtered resources, i.e. build is platform dependent!
2017-05-07 12:35:26,679 [Worker-5] INFO  o.e.m.c.i.embedder.EclipseLogger - skip non existing resourceDirectory C:\Users\Moon\Desktop\framework-workspace1\springAOP1-solution\src\test\resources
2017-05-07 12:35:27,904 [Worker-15] WARN  o.e.m.c.i.embedder.EclipseLogger - Using platform encoding (MS949 actually) to copy filtered resources, i.e. build is platform dependent!
2017-05-07 12:35:27,905 [Worker-15] INFO  o.e.m.c.i.embedder.EclipseLogger - skip non existing resourceDirectory C:\Users\Moon\Desktop\framework-workspace1\springAOP2-before\src\main\resources
2017-05-07 12:35:27,907 [Worker-15] WARN  o.e.m.c.i.embedder.EclipseLogger - Using platform encoding (MS949 actually) to copy filtered resources, i.e. build is platform dependent!
2017-05-07 12:35:27,908 [Worker-15] INFO  o.e.m.c.i.embedder.EclipseLogger - skip non existing resourceDirectory C:\Users\Moon\Desktop\framework-workspace1\springAOP2-before\src\test\resources
2017-05-07 12:35:29,079 [Worker-14] WARN  o.e.m.c.i.embedder.EclipseLogger - Using platform encoding (MS949 actually) to copy filtered resources, i.e. build is platform dependent!
2017-05-07 12:35:29,080 [Worker-14] INFO  o.e.m.c.i.embedder.EclipseLogger - skip non existing resourceDirectory C:\Users\Moon\Desktop\framework-workspace1\springAOP3-afterreturning\src\main\resources
2017-05-07 12:35:29,082 [Worker-14] WARN  o.e.m.c.i.embedder.EclipseLogger - Using platform encoding (MS949 actually) to copy filtered resources, i.e. build is platform dependent!
2017-05-07 12:35:29,085 [Worker-14] INFO  o.e.m.c.i.embedder.EclipseLogger - skip non existing resourceDirectory C:\Users\Moon\Desktop\framework-workspace1\springAOP3-afterreturning\src\test\resources
2017-05-07 12:35:29,753 [Worker-19] WARN  o.e.m.c.i.embedder.EclipseLogger - Using platform encoding (MS949 actually) to copy filtered resources, i.e. build is platform dependent!
2017-05-07 12:35:29,754 [Worker-19] INFO  o.e.m.c.i.embedder.EclipseLogger - skip non existing resourceDirectory C:\Users\Moon\Desktop\framework-workspace1\springAOP4-around\src\main\resources
2017-05-07 12:35:29,755 [Worker-19] WARN  o.e.m.c.i.embedder.EclipseLogger - Using platform encoding (MS949 actually) to copy filtered resources, i.e. build is platform dependent!
2017-05-07 12:35:29,756 [Worker-19] INFO  o.e.m.c.i.embedder.EclipseLogger - skip non existing resourceDirectory C:\Users\Moon\Desktop\framework-workspace1\springAOP4-around\src\test\resources
2017-05-07 12:35:30,636 [Worker-19] WARN  o.e.m.c.i.embedder.EclipseLogger - Using platform encoding (MS949 actually) to copy filtered resources, i.e. build is platform dependent!
2017-05-07 12:35:30,638 [Worker-19] INFO  o.e.m.c.i.embedder.EclipseLogger - skip non existing resourceDirectory C:\Users\Moon\Desktop\framework-workspace1\springAOP5-around\src\main\resources
2017-05-07 12:35:30,640 [Worker-19] WARN  o.e.m.c.i.embedder.EclipseLogger - Using platform encoding (MS949 actually) to copy filtered resources, i.e. build is platform dependent!
2017-05-07 12:35:30,641 [Worker-19] INFO  o.e.m.c.i.embedder.EclipseLogger - skip non existing resourceDirectory C:\Users\Moon\Desktop\framework-workspace1\springAOP5-around\src\test\resources
2017-05-07 12:35:31,778 [Worker-18] WARN  o.e.m.c.i.embedder.EclipseLogger - Using platform encoding (MS949 actually) to copy filtered resources, i.e. build is platform dependent!
2017-05-07 12:35:31,780 [Worker-18] INFO  o.e.m.c.i.embedder.EclipseLogger - skip non existing resourceDirectory C:\Users\Moon\Desktop\framework-workspace1\springIOC2-maven\src\main\resources
2017-05-07 12:35:31,781 [Worker-18] WARN  o.e.m.c.i.embedder.EclipseLogger - Using platform encoding (MS949 actually) to copy filtered resources, i.e. build is platform dependent!
2017-05-07 12:35:31,782 [Worker-18] INFO  o.e.m.c.i.embedder.EclipseLogger - skip non existing resourceDirectory C:\Users\Moon\Desktop\framework-workspace1\springIOC2-maven\src\test\resources
2017-05-07 12:35:32,110 [Worker-18] WARN  o.e.m.c.i.embedder.EclipseLogger - Using platform encoding (MS949 actually) to copy filtered resources, i.e. build is platform dependent!
2017-05-07 12:35:32,113 [Worker-18] INFO  o.e.m.c.i.embedder.EclipseLogger - skip non existing resourceDirectory C:\Users\Moon\Desktop\framework-workspace1\springIOC3\src\main\resources
2017-05-07 12:35:32,115 [Worker-18] WARN  o.e.m.c.i.embedder.EclipseLogger - Using platform encoding (MS949 actually) to copy filtered resources, i.e. build is platform dependent!
2017-05-07 12:35:32,126 [Worker-18] INFO  o.e.m.c.i.embedder.EclipseLogger - skip non existing resourceDirectory C:\Users\Moon\Desktop\framework-workspace1\springIOC3\src\test\resources
2017-05-07 12:35:32,740 [Worker-18] WARN  o.e.m.c.i.embedder.EclipseLogger - Using platform encoding (MS949 actually) to copy filtered resources, i.e. build is platform dependent!
2017-05-07 12:35:32,741 [Worker-18] INFO  o.e.m.c.i.embedder.EclipseLogger - skip non existing resourceDirectory C:\Users\Moon\Desktop\framework-workspace1\springIOC4\src\main\resources
2017-05-07 12:35:32,743 [Worker-18] WARN  o.e.m.c.i.embedder.EclipseLogger - Using platform encoding (MS949 actually) to copy filtered resources, i.e. build is platform dependent!
2017-05-07 12:35:32,745 [Worker-18] INFO  o.e.m.c.i.embedder.EclipseLogger - skip non existing resourceDirectory C:\Users\Moon\Desktop\framework-workspace1\springIOC4\src\test\resources
2017-05-07 12:35:33,589 [Worker-18] WARN  o.e.m.c.i.embedder.EclipseLogger - Using platform encoding (MS949 actually) to copy filtered resources, i.e. build is platform dependent!
2017-05-07 12:35:33,590 [Worker-18] INFO  o.e.m.c.i.embedder.EclipseLogger - skip non existing resourceDirectory C:\Users\Moon\Desktop\framework-workspace1\springIOC5-sol\src\main\resources
2017-05-07 12:35:33,593 [Worker-18] WARN  o.e.m.c.i.embedder.EclipseLogger - Using platform encoding (MS949 actually) to copy filtered resources, i.e. build is platform dependent!
2017-05-07 12:35:33,596 [Worker-18] INFO  o.e.m.c.i.embedder.EclipseLogger - skip non existing resourceDirectory C:\Users\Moon\Desktop\framework-workspace1\springIOC5-sol\src\test\resources
2017-05-07 12:35:34,152 [Worker-3] WARN  o.e.m.c.i.embedder.EclipseLogger - Using platform encoding (MS949 actually) to copy filtered resources, i.e. build is platform dependent!
2017-05-07 12:35:34,153 [Worker-3] INFO  o.e.m.c.i.embedder.EclipseLogger - skip non existing resourceDirectory C:\Users\Moon\Desktop\framework-workspace1\springIOC6\src\main\resources
2017-05-07 12:35:34,154 [Worker-3] WARN  o.e.m.c.i.embedder.EclipseLogger - Using platform encoding (MS949 actually) to copy filtered resources, i.e. build is platform dependent!
2017-05-07 12:35:34,155 [Worker-3] INFO  o.e.m.c.i.embedder.EclipseLogger - skip non existing resourceDirectory C:\Users\Moon\Desktop\framework-workspace1\springIOC6\src\test\resources
2017-05-07 12:35:34,958 [Worker-3] WARN  o.e.m.c.i.embedder.EclipseLogger - Using platform encoding (MS949 actually) to copy filtered resources, i.e. build is platform dependent!
2017-05-07 12:35:34,959 [Worker-3] INFO  o.e.m.c.i.embedder.EclipseLogger - skip non existing resourceDirectory C:\Users\Moon\Desktop\framework-workspace1\springIOC7\src\main\resources
2017-05-07 12:35:34,960 [Worker-3] WARN  o.e.m.c.i.embedder.EclipseLogger - Using platform encoding (MS949 actually) to copy filtered resources, i.e. build is platform dependent!
2017-05-07 12:35:34,962 [Worker-3] INFO  o.e.m.c.i.embedder.EclipseLogger - skip non existing resourceDirectory C:\Users\Moon\Desktop\framework-workspace1\springIOC7\src\test\resources
2017-05-07 12:35:35,607 [Worker-5] WARN  o.e.m.c.i.embedder.EclipseLogger - Using platform encoding (MS949 actually) to copy filtered resources, i.e. build is platform dependent!
2017-05-07 12:35:35,608 [Worker-5] INFO  o.e.m.c.i.embedder.EclipseLogger - skip non existing resourceDirectory C:\Users\Moon\Desktop\framework-workspace1\springIOC8-dbcp\src\main\resources
2017-05-07 12:35:35,610 [Worker-5] WARN  o.e.m.c.i.embedder.EclipseLogger - Using platform encoding (MS949 actually) to copy filtered resources, i.e. build is platform dependent!
2017-05-07 12:35:35,612 [Worker-5] INFO  o.e.m.c.i.embedder.EclipseLogger - skip non existing resourceDirectory C:\Users\Moon\Desktop\framework-workspace1\springIOC8-dbcp\src\test\resources
2017-05-07 12:35:36,084 [Worker-5] WARN  o.e.m.c.i.embedder.EclipseLogger - Using platform encoding (MS949 actually) to copy filtered resources, i.e. build is platform dependent!
2017-05-07 12:35:36,098 [Worker-5] INFO  o.e.m.c.i.embedder.EclipseLogger - skip non existing resourceDirectory C:\Users\Moon\Desktop\framework-workspace1\springIOC9\src\main\resources
2017-05-07 12:35:36,101 [Worker-5] WARN  o.e.m.c.i.embedder.EclipseLogger - Using platform encoding (MS949 actually) to copy filtered resources, i.e. build is platform dependent!
2017-05-07 12:35:36,102 [Worker-5] INFO  o.e.m.c.i.embedder.EclipseLogger - skip non existing resourceDirectory C:\Users\Moon\Desktop\framework-workspace1\springIOC9\src\test\resources
2017-07-11 15:32:11,348 [Worker-16] INFO  o.e.m.c.i.l.LifecycleMappingFactory - Using org.eclipse.m2e.jdt.JarLifecycleMapping lifecycle mapping for MavenProject: springIOC2-maven-inst:springIOC2-maven-inst:0.0.1-SNAPSHOT @ C:\Users\Moon\Desktop\Saiden\Employment\java-kosta\framework-workspace1\springIOC2-maven-inst\pom.xml.
2017-07-11 15:32:11,356 [Worker-21] INFO  o.e.m.c.i.l.LifecycleMappingFactory - Using org.eclipse.m2e.jdt.JarLifecycleMapping lifecycle mapping for MavenProject: springIOC2-maven-inst:springIOC2-maven-inst:0.0.1-SNAPSHOT @ C:\Users\Moon\Desktop\Saiden\Employment\java-kosta\framework-workspace1\springIOC2-maven-inst\pom.xml.
2017-07-11 15:32:14,441 [Worker-16] WARN  o.e.m.c.i.embedder.EclipseLogger - Using platform encoding (MS949 actually) to copy filtered resources, i.e. build is platform dependent!
2017-07-11 15:32:14,443 [Worker-16] INFO  o.e.m.c.i.embedder.EclipseLogger - skip non existing resourceDirectory C:\Users\Moon\Desktop\Saiden\Employment\java-kosta\framework-workspace1\springIOC2-maven-inst\src\main\resources
2017-07-11 15:32:15,324 [Worker-16] WARN  o.e.m.c.i.embedder.EclipseLogger - Using platform encoding (MS949 actually) to copy filtered resources, i.e. build is platform dependent!
2017-07-11 15:32:15,326 [Worker-16] INFO  o.e.m.c.i.embedder.EclipseLogger - skip non existing resourceDirectory C:\Users\Moon\Desktop\Saiden\Employment\java-kosta\framework-workspace1\springIOC2-maven-inst\src\test\resources
2017-07-11 15:32:15,339 [Worker-20] INFO  o.e.m.c.i.l.LifecycleMappingFactory - Using org.eclipse.m2e.jdt.JarLifecycleMapping lifecycle mapping for MavenProject: springIOC2-maven-inst:springIOC2-maven-inst:0.0.1-SNAPSHOT @ C:\Users\Moon\Desktop\Saiden\Employment\java-kosta\framework-workspace1\springIOC2-maven-inst\pom.xml.
2017-07-11 15:32:15,863 [Worker-20] INFO  o.e.m.c.i.l.LifecycleMappingFactory - Using org.eclipse.m2e.jdt.JarLifecycleMapping lifecycle mapping for MavenProject: springIOC3-inst:springIOC3-inst:0.0.1-SNAPSHOT @ C:\Users\Moon\Desktop\Saiden\Employment\java-kosta\framework-workspace1\springIOC3-inst\pom.xml.
2017-07-11 15:32:16,026 [Worker-20] INFO  o.e.m.c.i.l.LifecycleMappingFactory - Using org.eclipse.m2e.jdt.JarLifecycleMapping lifecycle mapping for MavenProject: springIOC4-inst:springIOC4-inst:0.0.1-SNAPSHOT @ C:\Users\Moon\Desktop\Saiden\Employment\java-kosta\framework-workspace1\springIOC4-inst\pom.xml.
2017-07-11 15:32:19,121 [Worker-24] WARN  o.e.m.c.i.embedder.EclipseLogger - Using platform encoding (MS949 actually) to copy filtered resources, i.e. build is platform dependent!
2017-07-11 15:32:19,123 [Worker-24] INFO  o.e.m.c.i.embedder.EclipseLogger - skip non existing resourceDirectory C:\Users\Moon\Desktop\Saiden\Employment\java-kosta\framework-workspace1\springIOC2-maven-inst\src\main\resources
2017-07-11 15:32:19,125 [Worker-24] WARN  o.e.m.c.i.embedder.EclipseLogger - Using platform encoding (MS949 actually) to copy filtered resources, i.e. build is platform dependent!
2017-07-11 15:32:19,127 [Worker-24] INFO  o.e.m.c.i.embedder.EclipseLogger - skip non existing resourceDirectory C:\Users\Moon\Desktop\Saiden\Employment\java-kosta\framework-workspace1\springIOC2-maven-inst\src\test\resources
2017-07-11 15:32:19,788 [Worker-24] WARN  o.e.m.c.i.embedder.EclipseLogger - Using platform encoding (MS949 actually) to copy filtered resources, i.e. build is platform dependent!
2017-07-11 15:32:19,789 [Worker-24] INFO  o.e.m.c.i.embedder.EclipseLogger - skip non existing resourceDirectory C:\Users\Moon\Desktop\Saiden\Employment\java-kosta\framework-workspace1\springIOC3-inst\src\main\resources
2017-07-11 15:32:19,790 [Worker-24] WARN  o.e.m.c.i.embedder.EclipseLogger - Using platform encoding (MS949 actually) to copy filtered resources, i.e. build is platform dependent!
2017-07-11 15:32:19,793 [Worker-24] INFO  o.e.m.c.i.embedder.EclipseLogger - skip non existing resourceDirectory C:\Users\Moon\Desktop\Saiden\Employment\java-kosta\framework-workspace1\springIOC3-inst\src\test\resources
2017-07-11 15:32:21,641 [Worker-24] WARN  o.e.m.c.i.embedder.EclipseLogger - Using platform encoding (MS949 actually) to copy filtered resources, i.e. build is platform dependent!
2017-07-11 15:32:21,642 [Worker-24] INFO  o.e.m.c.i.embedder.EclipseLogger - skip non existing resourceDirectory C:\Users\Moon\Desktop\Saiden\Employment\java-kosta\framework-workspace1\springIOC4-inst\src\main\resources
2017-07-11 15:32:21,644 [Worker-24] WARN  o.e.m.c.i.embedder.EclipseLogger - Using platform encoding (MS949 actually) to copy filtered resources, i.e. build is platform dependent!
2017-07-11 15:32:21,645 [Worker-24] INFO  o.e.m.c.i.embedder.EclipseLogger - skip non existing resourceDirectory C:\Users\Moon\Desktop\Saiden\Employment\java-kosta\framework-workspace1\springIOC4-inst\src\test\resources
2017-07-11 15:32:23,222 [Worker-24] INFO  o.e.m.c.i.l.LifecycleMappingFactory - Using org.eclipse.m2e.jdt.JarLifecycleMapping lifecycle mapping for MavenProject: springIOC5-sol:springIOC5-sol:0.0.1-SNAPSHOT @ C:\Users\Moon\Desktop\Saiden\Employment\java-kosta\framework-workspace1\springIOC5-sol-inst\pom.xml.
2017-07-11 15:32:23,534 [Worker-24] WARN  o.e.m.c.i.embedder.EclipseLogger - Using platform encoding (MS949 actually) to copy filtered resources, i.e. build is platform dependent!
2017-07-11 15:32:23,536 [Worker-24] INFO  o.e.m.c.i.embedder.EclipseLogger - skip non existing resourceDirectory C:\Users\Moon\Desktop\Saiden\Employment\java-kosta\framework-workspace1\springIOC5-sol-inst\src\main\resources
2017-07-11 15:32:23,538 [Worker-24] WARN  o.e.m.c.i.embedder.EclipseLogger - Using platform encoding (MS949 actually) to copy filtered resources, i.e. build is platform dependent!
2017-07-11 15:32:23,539 [Worker-24] INFO  o.e.m.c.i.embedder.EclipseLogger - skip non existing resourceDirectory C:\Users\Moon\Desktop\Saiden\Employment\java-kosta\framework-workspace1\springIOC5-sol-inst\src\test\resources
2017-07-11 15:32:26,124 [Worker-22] WARN  o.e.m.c.i.embedder.EclipseLogger - Using platform encoding (MS949 actually) to copy filtered resources, i.e. build is platform dependent!
2017-07-11 15:32:26,125 [Worker-22] INFO  o.e.m.c.i.embedder.EclipseLogger - skip non existing resourceDirectory C:\Users\Moon\Desktop\Saiden\Employment\java-kosta\framework-workspace1\springIOC5-sol-inst\src\main\resources
2017-07-11 15:32:26,127 [Worker-22] WARN  o.e.m.c.i.embedder.EclipseLogger - Using platform encoding (MS949 actually) to copy filtered resources, i.e. build is platform dependent!
2017-07-11 15:32:26,129 [Worker-22] INFO  o.e.m.c.i.embedder.EclipseLogger - skip non existing resourceDirectory C:\Users\Moon\Desktop\Saiden\Employment\java-kosta\framework-workspace1\springIOC5-sol-inst\src\test\resources
2017-07-11 15:37:14,156 [Worker-17] INFO  o.e.m.c.i.l.LifecycleMappingFactory - Using org.eclipse.m2e.jdt.JarLifecycleMapping lifecycle mapping for MavenProject: springIOC6-inst:springIOC6-inst:0.0.1-SNAPSHOT @ C:\Users\Moon\Desktop\Saiden\Employment\java-kosta\framework-workspace1\springIOC6-inst\pom.xml.
2017-07-11 15:37:14,607 [Worker-17] WARN  o.e.m.c.i.embedder.EclipseLogger - Using platform encoding (MS949 actually) to copy filtered resources, i.e. build is platform dependent!
2017-07-11 15:37:14,609 [Worker-17] INFO  o.e.m.c.i.embedder.EclipseLogger - skip non existing resourceDirectory C:\Users\Moon\Desktop\Saiden\Employment\java-kosta\framework-workspace1\springIOC6-inst\src\main\resources
2017-07-11 15:37:14,610 [Worker-17] WARN  o.e.m.c.i.embedder.EclipseLogger - Using platform encoding (MS949 actually) to copy filtered resources, i.e. build is platform dependent!
2017-07-11 15:37:14,612 [Worker-17] INFO  o.e.m.c.i.embedder.EclipseLogger - skip non existing resourceDirectory C:\Users\Moon\Desktop\Saiden\Employment\java-kosta\framework-workspace1\springIOC6-inst\src\test\resources
2017-07-11 15:37:16,748 [Worker-26] WARN  o.e.m.c.i.embedder.EclipseLogger - Using platform encoding (MS949 actually) to copy filtered resources, i.e. build is platform dependent!
2017-07-11 15:37:16,752 [Worker-26] INFO  o.e.m.c.i.embedder.EclipseLogger - skip non existing resourceDirectory C:\Users\Moon\Desktop\Saiden\Employment\java-kosta\framework-workspace1\springIOC6-inst\src\main\resources
2017-07-11 15:37:16,761 [Worker-26] WARN  o.e.m.c.i.embedder.EclipseLogger - Using platform encoding (MS949 actually) to copy filtered resources, i.e. build is platform dependent!
2017-07-11 15:37:16,762 [Worker-26] INFO  o.e.m.c.i.embedder.EclipseLogger - skip non existing resourceDirectory C:\Users\Moon\Desktop\Saiden\Employment\java-kosta\framework-workspace1\springIOC6-inst\src\test\resources
2017-07-11 15:37:17,207 [Worker-26] INFO  o.e.m.c.i.l.LifecycleMappingFactory - Using org.eclipse.m2e.jdt.JarLifecycleMapping lifecycle mapping for MavenProject: springIOC7-inst:springIOC7-inst:0.0.1-SNAPSHOT @ C:\Users\Moon\Desktop\Saiden\Employment\java-kosta\framework-workspace1\springIOC7-inst\pom.xml.
2017-07-11 15:37:17,759 [Worker-26] WARN  o.e.m.c.i.embedder.EclipseLogger - Using platform encoding (MS949 actually) to copy filtered resources, i.e. build is platform dependent!
2017-07-11 15:37:17,761 [Worker-26] INFO  o.e.m.c.i.embedder.EclipseLogger - skip non existing resourceDirectory C:\Users\Moon\Desktop\Saiden\Employment\java-kosta\framework-workspace1\springIOC7-inst\src\main\resources
2017-07-11 15:37:17,763 [Worker-26] WARN  o.e.m.c.i.embedder.EclipseLogger - Using platform encoding (MS949 actually) to copy filtered resources, i.e. build is platform dependent!
2017-07-11 15:37:17,764 [Worker-26] INFO  o.e.m.c.i.embedder.EclipseLogger - skip non existing resourceDirectory C:\Users\Moon\Desktop\Saiden\Employment\java-kosta\framework-workspace1\springIOC7-inst\src\test\resources
2017-07-11 15:37:19,533 [Worker-25] WARN  o.e.m.c.i.embedder.EclipseLogger - Using platform encoding (MS949 actually) to copy filtered resources, i.e. build is platform dependent!
2017-07-11 15:37:19,534 [Worker-25] INFO  o.e.m.c.i.embedder.EclipseLogger - skip non existing resourceDirectory C:\Users\Moon\Desktop\Saiden\Employment\java-kosta\framework-workspace1\springIOC7-inst\src\main\resources
2017-07-11 15:37:19,536 [Worker-25] WARN  o.e.m.c.i.embedder.EclipseLogger - Using platform encoding (MS949 actually) to copy filtered resources, i.e. build is platform dependent!
2017-07-11 15:37:19,537 [Worker-25] INFO  o.e.m.c.i.embedder.EclipseLogger - skip non existing resourceDirectory C:\Users\Moon\Desktop\Saiden\Employment\java-kosta\framework-workspace1\springIOC7-inst\src\test\resources
2017-07-11 15:37:20,031 [Worker-25] INFO  o.e.m.c.i.l.LifecycleMappingFactory - Using org.eclipse.m2e.jdt.JarLifecycleMapping lifecycle mapping for MavenProject: springIOC8-dbcp-inst:springIOC8-dbcp-inst:0.0.1-SNAPSHOT @ C:\Users\Moon\Desktop\Saiden\Employment\java-kosta\framework-workspace1\springIOC8-dbcp-inst\pom.xml.
2017-07-11 15:37:20,777 [Worker-25] WARN  o.e.m.c.i.embedder.EclipseLogger - Using platform encoding (MS949 actually) to copy filtered resources, i.e. build is platform dependent!
2017-07-11 15:37:20,778 [Worker-25] INFO  o.e.m.c.i.embedder.EclipseLogger - skip non existing resourceDirectory C:\Users\Moon\Desktop\Saiden\Employment\java-kosta\framework-workspace1\springIOC8-dbcp-inst\src\main\resources
2017-07-11 15:37:20,780 [Worker-25] WARN  o.e.m.c.i.embedder.EclipseLogger - Using platform encoding (MS949 actually) to copy filtered resources, i.e. build is platform dependent!
2017-07-11 15:37:20,781 [Worker-25] INFO  o.e.m.c.i.embedder.EclipseLogger - skip non existing resourceDirectory C:\Users\Moon\Desktop\Saiden\Employment\java-kosta\framework-workspace1\springIOC8-dbcp-inst\src\test\resources
2017-07-11 15:37:21,394 [Worker-24] WARN  o.e.m.c.i.embedder.EclipseLogger - Using platform encoding (MS949 actually) to copy filtered resources, i.e. build is platform dependent!
2017-07-11 15:37:21,396 [Worker-24] INFO  o.e.m.c.i.embedder.EclipseLogger - skip non existing resourceDirectory C:\Users\Moon\Desktop\Saiden\Employment\java-kosta\framework-workspace1\springIOC8-dbcp-inst\src\main\resources
2017-07-11 15:37:21,397 [Worker-24] WARN  o.e.m.c.i.embedder.EclipseLogger - Using platform encoding (MS949 actually) to copy filtered resources, i.e. build is platform dependent!
2017-07-11 15:37:21,398 [Worker-24] INFO  o.e.m.c.i.embedder.EclipseLogger - skip non existing resourceDirectory C:\Users\Moon\Desktop\Saiden\Employment\java-kosta\framework-workspace1\springIOC8-dbcp-inst\src\test\resources
2017-07-11 15:37:23,261 [Worker-24] INFO  o.e.m.c.i.l.LifecycleMappingFactory - Using org.eclipse.m2e.jdt.JarLifecycleMapping lifecycle mapping for MavenProject: springIOC9-inst:springIOC9-inst:0.0.1-SNAPSHOT @ C:\Users\Moon\Desktop\Saiden\Employment\java-kosta\framework-workspace1\springIOC9-inst\pom.xml.
2017-07-11 15:37:24,191 [Worker-24] WARN  o.e.m.c.i.embedder.EclipseLogger - Using platform encoding (MS949 actually) to copy filtered resources, i.e. build is platform dependent!
2017-07-11 15:37:24,192 [Worker-24] INFO  o.e.m.c.i.embedder.EclipseLogger - skip non existing resourceDirectory C:\Users\Moon\Desktop\Saiden\Employment\java-kosta\framework-workspace1\springIOC9-inst\src\main\resources
2017-07-11 15:37:24,195 [Worker-24] WARN  o.e.m.c.i.embedder.EclipseLogger - Using platform encoding (MS949 actually) to copy filtered resources, i.e. build is platform dependent!
2017-07-11 15:37:24,196 [Worker-24] INFO  o.e.m.c.i.embedder.EclipseLogger - skip non existing resourceDirectory C:\Users\Moon\Desktop\Saiden\Employment\java-kosta\framework-workspace1\springIOC9-inst\src\test\resources
2017-07-11 15:37:25,875 [Worker-26] WARN  o.e.m.c.i.embedder.EclipseLogger - Using platform encoding (MS949 actually) to copy filtered resources, i.e. build is platform dependent!
2017-07-11 15:37:25,877 [Worker-26] INFO  o.e.m.c.i.embedder.EclipseLogger - skip non existing resourceDirectory C:\Users\Moon\Desktop\Saiden\Employment\java-kosta\framework-workspace1\springIOC9-inst\src\main\resources
2017-07-11 15:37:25,883 [Worker-26] WARN  o.e.m.c.i.embedder.EclipseLogger - Using platform encoding (MS949 actually) to copy filtered resources, i.e. build is platform dependent!
2017-07-11 15:37:25,886 [Worker-26] INFO  o.e.m.c.i.embedder.EclipseLogger - skip non existing resourceDirectory C:\Users\Moon\Desktop\Saiden\Employment\java-kosta\framework-workspace1\springIOC9-inst\src\test\resources
2017-07-11 15:38:13,026 [Worker-24] INFO  o.e.m.c.i.l.LifecycleMappingFactory - Using org.eclipse.m2e.jdt.JarLifecycleMapping lifecycle mapping for MavenProject: log4j-test-inst:log4j-test-inst:0.0.1-SNAPSHOT @ C:\Users\Moon\Desktop\Saiden\Employment\java-kosta\framework-workspace1\log4j-test-inst\pom.xml.
2017-07-11 15:38:13,695 [Worker-24] WARN  o.e.m.c.i.embedder.EclipseLogger - Using platform encoding (MS949 actually) to copy filtered resources, i.e. build is platform dependent!
2017-07-11 15:38:13,698 [Worker-24] INFO  o.e.m.c.i.embedder.EclipseLogger - skip non existing resourceDirectory C:\Users\Moon\Desktop\Saiden\Employment\java-kosta\framework-workspace1\log4j-test-inst\src\main\resources
2017-07-11 15:38:13,700 [Worker-24] WARN  o.e.m.c.i.embedder.EclipseLogger - Using platform encoding (MS949 actually) to copy filtered resources, i.e. build is platform dependent!
2017-07-11 15:38:13,703 [Worker-24] INFO  o.e.m.c.i.embedder.EclipseLogger - skip non existing resourceDirectory C:\Users\Moon\Desktop\Saiden\Employment\java-kosta\framework-workspace1\log4j-test-inst\src\test\resources
2017-07-11 15:38:14,293 [Worker-24] INFO  o.e.m.c.i.l.LifecycleMappingFactory - Using org.eclipse.m2e.jdt.JarLifecycleMapping lifecycle mapping for MavenProject: springAOP1-ex-inst:springAOP1-ex-inst:0.0.1-SNAPSHOT @ C:\Users\Moon\Desktop\Saiden\Employment\java-kosta\framework-workspace1\springAOP1-ex-inst\pom.xml.
2017-07-11 15:38:15,734 [Worker-24] WARN  o.e.m.c.i.embedder.EclipseLogger - Using platform encoding (MS949 actually) to copy filtered resources, i.e. build is platform dependent!
2017-07-11 15:38:15,736 [Worker-24] INFO  o.e.m.c.i.embedder.EclipseLogger - skip non existing resourceDirectory C:\Users\Moon\Desktop\Saiden\Employment\java-kosta\framework-workspace1\springAOP1-ex-inst\src\main\resources
2017-07-11 15:38:15,739 [Worker-24] WARN  o.e.m.c.i.embedder.EclipseLogger - Using platform encoding (MS949 actually) to copy filtered resources, i.e. build is platform dependent!
2017-07-11 15:38:15,740 [Worker-24] INFO  o.e.m.c.i.embedder.EclipseLogger - skip non existing resourceDirectory C:\Users\Moon\Desktop\Saiden\Employment\java-kosta\framework-workspace1\springAOP1-ex-inst\src\test\resources
2017-07-11 15:38:16,388 [Worker-17] WARN  o.e.m.c.i.embedder.EclipseLogger - Using platform encoding (MS949 actually) to copy filtered resources, i.e. build is platform dependent!
2017-07-11 15:38:16,489 [Worker-17] INFO  o.e.m.c.i.embedder.EclipseLogger - skip non existing resourceDirectory C:\Users\Moon\Desktop\Saiden\Employment\java-kosta\framework-workspace1\log4j-test-inst\src\main\resources
2017-07-11 15:38:16,508 [Worker-17] WARN  o.e.m.c.i.embedder.EclipseLogger - Using platform encoding (MS949 actually) to copy filtered resources, i.e. build is platform dependent!
2017-07-11 15:38:16,545 [Worker-17] INFO  o.e.m.c.i.embedder.EclipseLogger - skip non existing resourceDirectory C:\Users\Moon\Desktop\Saiden\Employment\java-kosta\framework-workspace1\log4j-test-inst\src\test\resources
2017-07-11 15:38:16,811 [Worker-17] WARN  o.e.m.c.i.embedder.EclipseLogger - Using platform encoding (MS949 actually) to copy filtered resources, i.e. build is platform dependent!
2017-07-11 15:38:16,813 [Worker-17] INFO  o.e.m.c.i.embedder.EclipseLogger - skip non existing resourceDirectory C:\Users\Moon\Desktop\Saiden\Employment\java-kosta\framework-workspace1\springAOP1-ex-inst\src\main\resources
2017-07-11 15:38:16,814 [Worker-17] WARN  o.e.m.c.i.embedder.EclipseLogger - Using platform encoding (MS949 actually) to copy filtered resources, i.e. build is platform dependent!
2017-07-11 15:38:16,816 [Worker-17] INFO  o.e.m.c.i.embedder.EclipseLogger - skip non existing resourceDirectory C:\Users\Moon\Desktop\Saiden\Employment\java-kosta\framework-workspace1\springAOP1-ex-inst\src\test\resources
2017-07-11 15:38:17,039 [Worker-17] INFO  o.e.m.c.i.l.LifecycleMappingFactory - Using org.eclipse.m2e.jdt.JarLifecycleMapping lifecycle mapping for MavenProject: springAOP1-solution-inst:springAOP1-solution-inst:0.0.1-SNAPSHOT @ C:\Users\Moon\Desktop\Saiden\Employment\java-kosta\framework-workspace1\springAOP1-solution-inst\pom.xml.
2017-07-11 15:38:17,660 [Worker-17] WARN  o.e.m.c.i.embedder.EclipseLogger - Using platform encoding (MS949 actually) to copy filtered resources, i.e. build is platform dependent!
2017-07-11 15:38:17,661 [Worker-17] INFO  o.e.m.c.i.embedder.EclipseLogger - skip non existing resourceDirectory C:\Users\Moon\Desktop\Saiden\Employment\java-kosta\framework-workspace1\springAOP1-solution-inst\src\main\resources
2017-07-11 15:38:17,662 [Worker-17] WARN  o.e.m.c.i.embedder.EclipseLogger - Using platform encoding (MS949 actually) to copy filtered resources, i.e. build is platform dependent!
2017-07-11 15:38:17,664 [Worker-17] INFO  o.e.m.c.i.embedder.EclipseLogger - skip non existing resourceDirectory C:\Users\Moon\Desktop\Saiden\Employment\java-kosta\framework-workspace1\springAOP1-solution-inst\src\test\resources
2017-07-11 15:38:19,292 [Worker-17] WARN  o.e.m.c.i.embedder.EclipseLogger - Using platform encoding (MS949 actually) to copy filtered resources, i.e. build is platform dependent!
2017-07-11 15:38:19,294 [Worker-17] INFO  o.e.m.c.i.embedder.EclipseLogger - skip non existing resourceDirectory C:\Users\Moon\Desktop\Saiden\Employment\java-kosta\framework-workspace1\springAOP1-solution-inst\src\main\resources
2017-07-11 15:38:19,296 [Worker-17] WARN  o.e.m.c.i.embedder.EclipseLogger - Using platform encoding (MS949 actually) to copy filtered resources, i.e. build is platform dependent!
2017-07-11 15:38:19,298 [Worker-17] INFO  o.e.m.c.i.embedder.EclipseLogger - skip non existing resourceDirectory C:\Users\Moon\Desktop\Saiden\Employment\java-kosta\framework-workspace1\springAOP1-solution-inst\src\test\resources
2017-07-11 15:38:20,042 [Worker-17] INFO  o.e.m.c.i.l.LifecycleMappingFactory - Using org.eclipse.m2e.jdt.JarLifecycleMapping lifecycle mapping for MavenProject: springAOP2-before-inst:springAOP2-before-inst:0.0.1-SNAPSHOT @ C:\Users\Moon\Desktop\Saiden\Employment\java-kosta\framework-workspace1\springAOP2-before-inst\pom.xml.
2017-07-11 15:38:20,602 [Worker-17] WARN  o.e.m.c.i.embedder.EclipseLogger - Using platform encoding (MS949 actually) to copy filtered resources, i.e. build is platform dependent!
2017-07-11 15:38:20,603 [Worker-17] INFO  o.e.m.c.i.embedder.EclipseLogger - skip non existing resourceDirectory C:\Users\Moon\Desktop\Saiden\Employment\java-kosta\framework-workspace1\springAOP2-before-inst\src\main\resources
2017-07-11 15:38:20,605 [Worker-17] WARN  o.e.m.c.i.embedder.EclipseLogger - Using platform encoding (MS949 actually) to copy filtered resources, i.e. build is platform dependent!
2017-07-11 15:38:20,606 [Worker-17] INFO  o.e.m.c.i.embedder.EclipseLogger - skip non existing resourceDirectory C:\Users\Moon\Desktop\Saiden\Employment\java-kosta\framework-workspace1\springAOP2-before-inst\src\test\resources
2017-07-11 15:38:21,612 [Worker-26] WARN  o.e.m.c.i.embedder.EclipseLogger - Using platform encoding (MS949 actually) to copy filtered resources, i.e. build is platform dependent!
2017-07-11 15:38:21,613 [Worker-26] INFO  o.e.m.c.i.embedder.EclipseLogger - skip non existing resourceDirectory C:\Users\Moon\Desktop\Saiden\Employment\java-kosta\framework-workspace1\springAOP2-before-inst\src\main\resources
2017-07-11 15:38:21,614 [Worker-26] WARN  o.e.m.c.i.embedder.EclipseLogger - Using platform encoding (MS949 actually) to copy filtered resources, i.e. build is platform dependent!
2017-07-11 15:38:21,616 [Worker-26] INFO  o.e.m.c.i.embedder.EclipseLogger - skip non existing resourceDirectory C:\Users\Moon\Desktop\Saiden\Employment\java-kosta\framework-workspace1\springAOP2-before-inst\src\test\resources
2017-07-11 15:45:53,480 [Worker-27] INFO  o.e.m.c.i.l.LifecycleMappingFactory - Using org.eclipse.m2e.jdt.JarLifecycleMapping lifecycle mapping for MavenProject: mybatis-study-inst:mybatis-study-inst:0.0.1-SNAPSHOT @ C:\Users\Moon\Desktop\Saiden\Employment\java-kosta\framework-workspace1\mybatis-study-inst\pom.xml.
2017-07-11 15:45:53,898 [Worker-27] WARN  o.e.m.c.i.embedder.EclipseLogger - Using platform encoding (MS949 actually) to copy filtered resources, i.e. build is platform dependent!
2017-07-11 15:45:53,915 [Worker-27] INFO  o.e.m.c.i.embedder.EclipseLogger - Copying 4 resources
2017-07-11 15:45:53,973 [Worker-27] WARN  o.e.m.c.i.embedder.EclipseLogger - Using platform encoding (MS949 actually) to copy filtered resources, i.e. build is platform dependent!
2017-07-11 15:45:53,975 [Worker-27] INFO  o.e.m.c.i.embedder.EclipseLogger - skip non existing resourceDirectory C:\Users\Moon\Desktop\Saiden\Employment\java-kosta\framework-workspace1\mybatis-study-inst\src\test\resources
2017-07-11 15:45:54,246 [Worker-27] INFO  o.e.m.c.i.l.LifecycleMappingFactory - Using org.eclipse.m2e.jdt.JarLifecycleMapping lifecycle mapping for MavenProject: springAOP3-afterreturning-inst:springAOP3-afterreturning-inst:0.0.1-SNAPSHOT @ C:\Users\Moon\Desktop\Saiden\Employment\java-kosta\framework-workspace1\springAOP3-afterreturning-inst\pom.xml.
2017-07-11 15:45:54,766 [Worker-27] WARN  o.e.m.c.i.embedder.EclipseLogger - Using platform encoding (MS949 actually) to copy filtered resources, i.e. build is platform dependent!
2017-07-11 15:45:54,767 [Worker-27] INFO  o.e.m.c.i.embedder.EclipseLogger - skip non existing resourceDirectory C:\Users\Moon\Desktop\Saiden\Employment\java-kosta\framework-workspace1\springAOP3-afterreturning-inst\src\main\resources
2017-07-11 15:45:54,768 [Worker-27] WARN  o.e.m.c.i.embedder.EclipseLogger - Using platform encoding (MS949 actually) to copy filtered resources, i.e. build is platform dependent!
2017-07-11 15:45:54,769 [Worker-27] INFO  o.e.m.c.i.embedder.EclipseLogger - skip non existing resourceDirectory C:\Users\Moon\Desktop\Saiden\Employment\java-kosta\framework-workspace1\springAOP3-afterreturning-inst\src\test\resources
2017-07-11 15:45:56,410 [Worker-30] WARN  o.e.m.c.i.embedder.EclipseLogger - Using platform encoding (MS949 actually) to copy filtered resources, i.e. build is platform dependent!
2017-07-11 15:45:56,421 [Worker-30] INFO  o.e.m.c.i.embedder.EclipseLogger - Copying 4 resources
2017-07-11 15:45:56,542 [Worker-30] WARN  o.e.m.c.i.embedder.EclipseLogger - Using platform encoding (MS949 actually) to copy filtered resources, i.e. build is platform dependent!
2017-07-11 15:45:56,543 [Worker-30] INFO  o.e.m.c.i.embedder.EclipseLogger - skip non existing resourceDirectory C:\Users\Moon\Desktop\Saiden\Employment\java-kosta\framework-workspace1\mybatis-study-inst\src\test\resources
2017-07-11 15:45:57,006 [Worker-30] WARN  o.e.m.c.i.embedder.EclipseLogger - Using platform encoding (MS949 actually) to copy filtered resources, i.e. build is platform dependent!
2017-07-11 15:45:57,007 [Worker-30] INFO  o.e.m.c.i.embedder.EclipseLogger - skip non existing resourceDirectory C:\Users\Moon\Desktop\Saiden\Employment\java-kosta\framework-workspace1\springAOP3-afterreturning-inst\src\main\resources
2017-07-11 15:45:57,009 [Worker-30] WARN  o.e.m.c.i.embedder.EclipseLogger - Using platform encoding (MS949 actually) to copy filtered resources, i.e. build is platform dependent!
2017-07-11 15:45:57,010 [Worker-30] INFO  o.e.m.c.i.embedder.EclipseLogger - skip non existing resourceDirectory C:\Users\Moon\Desktop\Saiden\Employment\java-kosta\framework-workspace1\springAOP3-afterreturning-inst\src\test\resources
2017-07-11 15:45:57,366 [Worker-30] INFO  o.e.m.c.i.l.LifecycleMappingFactory - Using org.eclipse.m2e.jdt.JarLifecycleMapping lifecycle mapping for MavenProject: springAOP4-around-inst:springAOP4-around-inst:0.0.1-SNAPSHOT @ C:\Users\Moon\Desktop\Saiden\Employment\java-kosta\framework-workspace1\springAOP4-around-inst\pom.xml.
2017-07-11 15:45:57,926 [Worker-30] WARN  o.e.m.c.i.embedder.EclipseLogger - Using platform encoding (MS949 actually) to copy filtered resources, i.e. build is platform dependent!
2017-07-11 15:45:57,928 [Worker-30] INFO  o.e.m.c.i.embedder.EclipseLogger - skip non existing resourceDirectory C:\Users\Moon\Desktop\Saiden\Employment\java-kosta\framework-workspace1\springAOP4-around-inst\src\main\resources
2017-07-11 15:45:57,932 [Worker-30] WARN  o.e.m.c.i.embedder.EclipseLogger - Using platform encoding (MS949 actually) to copy filtered resources, i.e. build is platform dependent!
2017-07-11 15:45:57,934 [Worker-30] INFO  o.e.m.c.i.embedder.EclipseLogger - skip non existing resourceDirectory C:\Users\Moon\Desktop\Saiden\Employment\java-kosta\framework-workspace1\springAOP4-around-inst\src\test\resources
2017-07-11 15:45:59,309 [Worker-33] WARN  o.e.m.c.i.embedder.EclipseLogger - Using platform encoding (MS949 actually) to copy filtered resources, i.e. build is platform dependent!
2017-07-11 15:45:59,312 [Worker-33] INFO  o.e.m.c.i.embedder.EclipseLogger - skip non existing resourceDirectory C:\Users\Moon\Desktop\Saiden\Employment\java-kosta\framework-workspace1\springAOP4-around-inst\src\main\resources
2017-07-11 15:45:59,316 [Worker-33] WARN  o.e.m.c.i.embedder.EclipseLogger - Using platform encoding (MS949 actually) to copy filtered resources, i.e. build is platform dependent!
2017-07-11 15:45:59,320 [Worker-33] INFO  o.e.m.c.i.embedder.EclipseLogger - skip non existing resourceDirectory C:\Users\Moon\Desktop\Saiden\Employment\java-kosta\framework-workspace1\springAOP4-around-inst\src\test\resources
2017-07-11 15:46:00,046 [Worker-33] INFO  o.e.m.c.i.l.LifecycleMappingFactory - Using org.eclipse.m2e.jdt.JarLifecycleMapping lifecycle mapping for MavenProject: springAOP5-around-inst:springAOP5-around-inst:0.0.1-SNAPSHOT @ C:\Users\Moon\Desktop\Saiden\Employment\java-kosta\framework-workspace1\springAOP5-around-inst\pom.xml.
2017-07-11 15:46:00,627 [Worker-33] WARN  o.e.m.c.i.embedder.EclipseLogger - Using platform encoding (MS949 actually) to copy filtered resources, i.e. build is platform dependent!
2017-07-11 15:46:00,629 [Worker-33] INFO  o.e.m.c.i.embedder.EclipseLogger - skip non existing resourceDirectory C:\Users\Moon\Desktop\Saiden\Employment\java-kosta\framework-workspace1\springAOP5-around-inst\src\main\resources
2017-07-11 15:46:00,631 [Worker-33] WARN  o.e.m.c.i.embedder.EclipseLogger - Using platform encoding (MS949 actually) to copy filtered resources, i.e. build is platform dependent!
2017-07-11 15:46:00,633 [Worker-33] INFO  o.e.m.c.i.embedder.EclipseLogger - skip non existing resourceDirectory C:\Users\Moon\Desktop\Saiden\Employment\java-kosta\framework-workspace1\springAOP5-around-inst\src\test\resources
2017-07-11 15:46:02,257 [Worker-33] WARN  o.e.m.c.i.embedder.EclipseLogger - Using platform encoding (MS949 actually) to copy filtered resources, i.e. build is platform dependent!
2017-07-11 15:46:02,259 [Worker-33] INFO  o.e.m.c.i.embedder.EclipseLogger - skip non existing resourceDirectory C:\Users\Moon\Desktop\Saiden\Employment\java-kosta\framework-workspace1\springAOP5-around-inst\src\main\resources
2017-07-11 15:46:02,260 [Worker-33] WARN  o.e.m.c.i.embedder.EclipseLogger - Using platform encoding (MS949 actually) to copy filtered resources, i.e. build is platform dependent!
2017-07-11 15:46:02,262 [Worker-33] INFO  o.e.m.c.i.embedder.EclipseLogger - skip non existing resourceDirectory C:\Users\Moon\Desktop\Saiden\Employment\java-kosta\framework-workspace1\springAOP5-around-inst\src\test\resources
2017-07-11 15:47:05,986 [Worker-24] INFO  o.e.m.c.i.l.LifecycleMappingFactory - Using org.eclipse.m2e.jdt.JarLifecycleMapping lifecycle mapping for MavenProject: log4j-test:log4j-test:0.0.1-SNAPSHOT @ C:\Users\Moon\Desktop\Saiden\Employment\java-kosta\framework-workspace1\log4j-test\pom.xml.
2017-07-11 15:47:07,363 [Worker-24] WARN  o.e.m.c.i.embedder.EclipseLogger - Using platform encoding (MS949 actually) to copy filtered resources, i.e. build is platform dependent!
2017-07-11 15:47:07,365 [Worker-24] INFO  o.e.m.c.i.embedder.EclipseLogger - skip non existing resourceDirectory C:\Users\Moon\Desktop\Saiden\Employment\java-kosta\framework-workspace1\log4j-test\src\main\resources
2017-07-11 15:47:07,367 [Worker-24] WARN  o.e.m.c.i.embedder.EclipseLogger - Using platform encoding (MS949 actually) to copy filtered resources, i.e. build is platform dependent!
2017-07-11 15:47:07,368 [Worker-24] INFO  o.e.m.c.i.embedder.EclipseLogger - skip non existing resourceDirectory C:\Users\Moon\Desktop\Saiden\Employment\java-kosta\framework-workspace1\log4j-test\src\test\resources
2017-07-11 15:47:21,364 [Worker-32] INFO  o.e.m.c.i.l.LifecycleMappingFactory - Using org.eclipse.m2e.jdt.JarLifecycleMapping lifecycle mapping for MavenProject: mybatis-study:mybatis-study:0.0.1-SNAPSHOT @ C:\Users\Moon\Desktop\Saiden\Employment\java-kosta\framework-workspace1\mybatis-study\pom.xml.
2017-07-11 15:47:22,242 [Worker-32] WARN  o.e.m.c.i.embedder.EclipseLogger - Using platform encoding (MS949 actually) to copy filtered resources, i.e. build is platform dependent!
2017-07-11 15:47:22,245 [Worker-32] INFO  o.e.m.c.i.embedder.EclipseLogger - Copying 4 resources
2017-07-11 15:47:22,306 [Worker-32] WARN  o.e.m.c.i.embedder.EclipseLogger - Using platform encoding (MS949 actually) to copy filtered resources, i.e. build is platform dependent!
2017-07-11 15:47:22,307 [Worker-32] INFO  o.e.m.c.i.embedder.EclipseLogger - skip non existing resourceDirectory C:\Users\Moon\Desktop\Saiden\Employment\java-kosta\framework-workspace1\mybatis-study\src\test\resources
2017-07-11 15:47:35,466 [Worker-27] INFO  o.e.m.c.i.l.LifecycleMappingFactory - Using org.eclipse.m2e.jdt.JarLifecycleMapping lifecycle mapping for MavenProject: springAOP1-ex:springAOP1-ex:0.0.1-SNAPSHOT @ C:\Users\Moon\Desktop\Saiden\Employment\java-kosta\framework-workspace1\springAOP1-ex\pom.xml.
2017-07-11 15:47:36,479 [Worker-27] WARN  o.e.m.c.i.embedder.EclipseLogger - Using platform encoding (MS949 actually) to copy filtered resources, i.e. build is platform dependent!
2017-07-11 15:47:36,481 [Worker-27] INFO  o.e.m.c.i.embedder.EclipseLogger - skip non existing resourceDirectory C:\Users\Moon\Desktop\Saiden\Employment\java-kosta\framework-workspace1\springAOP1-ex\src\main\resources
2017-07-11 15:47:36,483 [Worker-27] WARN  o.e.m.c.i.embedder.EclipseLogger - Using platform encoding (MS949 actually) to copy filtered resources, i.e. build is platform dependent!
2017-07-11 15:47:36,484 [Worker-27] INFO  o.e.m.c.i.embedder.EclipseLogger - skip non existing resourceDirectory C:\Users\Moon\Desktop\Saiden\Employment\java-kosta\framework-workspace1\springAOP1-ex\src\test\resources
2017-07-11 15:48:00,121 [Worker-31] INFO  o.e.m.c.i.l.LifecycleMappingFactory - Using org.eclipse.m2e.jdt.JarLifecycleMapping lifecycle mapping for MavenProject: springAOP1-solution:springAOP1-solution:0.0.1-SNAPSHOT @ C:\Users\Moon\Desktop\Saiden\Employment\java-kosta\framework-workspace1\springAOP1-solution\pom.xml.
2017-07-11 15:48:01,154 [Worker-31] WARN  o.e.m.c.i.embedder.EclipseLogger - Using platform encoding (MS949 actually) to copy filtered resources, i.e. build is platform dependent!
2017-07-11 15:48:01,156 [Worker-31] INFO  o.e.m.c.i.embedder.EclipseLogger - skip non existing resourceDirectory C:\Users\Moon\Desktop\Saiden\Employment\java-kosta\framework-workspace1\springAOP1-solution\src\main\resources
2017-07-11 15:48:01,157 [Worker-31] WARN  o.e.m.c.i.embedder.EclipseLogger - Using platform encoding (MS949 actually) to copy filtered resources, i.e. build is platform dependent!
2017-07-11 15:48:01,159 [Worker-31] INFO  o.e.m.c.i.embedder.EclipseLogger - skip non existing resourceDirectory C:\Users\Moon\Desktop\Saiden\Employment\java-kosta\framework-workspace1\springAOP1-solution\src\test\resources
2017-07-11 15:48:02,767 [Worker-32] WARN  o.e.m.c.i.embedder.EclipseLogger - Using platform encoding (MS949 actually) to copy filtered resources, i.e. build is platform dependent!
2017-07-11 15:48:02,769 [Worker-32] INFO  o.e.m.c.i.embedder.EclipseLogger - skip non existing resourceDirectory C:\Users\Moon\Desktop\Saiden\Employment\java-kosta\framework-workspace1\springAOP1-solution\src\main\resources
2017-07-11 15:48:02,770 [Worker-32] WARN  o.e.m.c.i.embedder.EclipseLogger - Using platform encoding (MS949 actually) to copy filtered resources, i.e. build is platform dependent!
2017-07-11 15:48:02,773 [Worker-32] INFO  o.e.m.c.i.embedder.EclipseLogger - skip non existing resourceDirectory C:\Users\Moon\Desktop\Saiden\Employment\java-kosta\framework-workspace1\springAOP1-solution\src\test\resources
2017-07-11 15:48:14,910 [Worker-30] INFO  o.e.m.c.i.l.LifecycleMappingFactory - Using org.eclipse.m2e.jdt.JarLifecycleMapping lifecycle mapping for MavenProject: springAOP2-before:springAOP2-before:0.0.1-SNAPSHOT @ C:\Users\Moon\Desktop\Saiden\Employment\java-kosta\framework-workspace1\springAOP2-before\pom.xml.
2017-07-11 15:48:15,748 [Worker-30] WARN  o.e.m.c.i.embedder.EclipseLogger - Using platform encoding (MS949 actually) to copy filtered resources, i.e. build is platform dependent!
2017-07-11 15:48:15,750 [Worker-30] INFO  o.e.m.c.i.embedder.EclipseLogger - skip non existing resourceDirectory C:\Users\Moon\Desktop\Saiden\Employment\java-kosta\framework-workspace1\springAOP2-before\src\main\resources
2017-07-11 15:48:15,751 [Worker-30] WARN  o.e.m.c.i.embedder.EclipseLogger - Using platform encoding (MS949 actually) to copy filtered resources, i.e. build is platform dependent!
2017-07-11 15:48:15,753 [Worker-30] INFO  o.e.m.c.i.embedder.EclipseLogger - skip non existing resourceDirectory C:\Users\Moon\Desktop\Saiden\Employment\java-kosta\framework-workspace1\springAOP2-before\src\test\resources
2017-07-11 15:48:26,470 [Worker-32] INFO  o.e.m.c.i.l.LifecycleMappingFactory - Using org.eclipse.m2e.jdt.JarLifecycleMapping lifecycle mapping for MavenProject: springAOP3-afterreturning:springAOP3-afterreturning:0.0.1-SNAPSHOT @ C:\Users\Moon\Desktop\Saiden\Employment\java-kosta\framework-workspace1\springAOP3-afterreturning\pom.xml.
2017-07-11 15:48:27,483 [Worker-32] WARN  o.e.m.c.i.embedder.EclipseLogger - Using platform encoding (MS949 actually) to copy filtered resources, i.e. build is platform dependent!
2017-07-11 15:48:27,589 [Worker-32] INFO  o.e.m.c.i.embedder.EclipseLogger - skip non existing resourceDirectory C:\Users\Moon\Desktop\Saiden\Employment\java-kosta\framework-workspace1\springAOP3-afterreturning\src\main\resources
2017-07-11 15:48:27,590 [Worker-32] WARN  o.e.m.c.i.embedder.EclipseLogger - Using platform encoding (MS949 actually) to copy filtered resources, i.e. build is platform dependent!
2017-07-11 15:48:27,592 [Worker-32] INFO  o.e.m.c.i.embedder.EclipseLogger - skip non existing resourceDirectory C:\Users\Moon\Desktop\Saiden\Employment\java-kosta\framework-workspace1\springAOP3-afterreturning\src\test\resources
2017-07-11 15:48:44,448 [Worker-24] INFO  o.e.m.c.i.l.LifecycleMappingFactory - Using org.eclipse.m2e.jdt.JarLifecycleMapping lifecycle mapping for MavenProject: springAOP4-around:springAOP4-around:0.0.1-SNAPSHOT @ C:\Users\Moon\Desktop\Saiden\Employment\java-kosta\framework-workspace1\springAOP4-around\pom.xml.
2017-07-11 15:48:45,267 [Worker-24] WARN  o.e.m.c.i.embedder.EclipseLogger - Using platform encoding (MS949 actually) to copy filtered resources, i.e. build is platform dependent!
2017-07-11 15:48:45,269 [Worker-24] INFO  o.e.m.c.i.embedder.EclipseLogger - skip non existing resourceDirectory C:\Users\Moon\Desktop\Saiden\Employment\java-kosta\framework-workspace1\springAOP4-around\src\main\resources
2017-07-11 15:48:45,271 [Worker-24] WARN  o.e.m.c.i.embedder.EclipseLogger - Using platform encoding (MS949 actually) to copy filtered resources, i.e. build is platform dependent!
2017-07-11 15:48:45,273 [Worker-24] INFO  o.e.m.c.i.embedder.EclipseLogger - skip non existing resourceDirectory C:\Users\Moon\Desktop\Saiden\Employment\java-kosta\framework-workspace1\springAOP4-around\src\test\resources
2017-07-11 15:48:57,348 [Worker-31] INFO  o.e.m.c.i.l.LifecycleMappingFactory - Using org.eclipse.m2e.jdt.JarLifecycleMapping lifecycle mapping for MavenProject: springAOP5-around:springAOP5-around:0.0.1-SNAPSHOT @ C:\Users\Moon\Desktop\Saiden\Employment\java-kosta\framework-workspace1\springAOP5-around\pom.xml.
2017-07-11 15:48:59,038 [Worker-31] WARN  o.e.m.c.i.embedder.EclipseLogger - Using platform encoding (MS949 actually) to copy filtered resources, i.e. build is platform dependent!
2017-07-11 15:48:59,041 [Worker-31] INFO  o.e.m.c.i.embedder.EclipseLogger - skip non existing resourceDirectory C:\Users\Moon\Desktop\Saiden\Employment\java-kosta\framework-workspace1\springAOP5-around\src\main\resources
2017-07-11 15:48:59,048 [Worker-31] WARN  o.e.m.c.i.embedder.EclipseLogger - Using platform encoding (MS949 actually) to copy filtered resources, i.e. build is platform dependent!
2017-07-11 15:48:59,050 [Worker-31] INFO  o.e.m.c.i.embedder.EclipseLogger - skip non existing resourceDirectory C:\Users\Moon\Desktop\Saiden\Employment\java-kosta\framework-workspace1\springAOP5-around\src\test\resources
2017-07-11 15:51:06,241 [Worker-33] INFO  o.e.m.c.i.l.LifecycleMappingFactory - Using org.eclipse.m2e.jdt.JarLifecycleMapping lifecycle mapping for MavenProject: springIOC2-maven:springIOC2-maven:0.0.1-SNAPSHOT @ C:\Users\Moon\Desktop\Saiden\Employment\java-kosta\framework-workspace1\springIOC2-maven\pom.xml.
2017-07-11 15:51:07,357 [Worker-33] WARN  o.e.m.c.i.embedder.EclipseLogger - Using platform encoding (MS949 actually) to copy filtered resources, i.e. build is platform dependent!
2017-07-11 15:51:07,359 [Worker-33] INFO  o.e.m.c.i.embedder.EclipseLogger - skip non existing resourceDirectory C:\Users\Moon\Desktop\Saiden\Employment\java-kosta\framework-workspace1\springIOC2-maven\src\main\resources
2017-07-11 15:51:07,361 [Worker-33] WARN  o.e.m.c.i.embedder.EclipseLogger - Using platform encoding (MS949 actually) to copy filtered resources, i.e. build is platform dependent!
2017-07-11 15:51:07,362 [Worker-33] INFO  o.e.m.c.i.embedder.EclipseLogger - skip non existing resourceDirectory C:\Users\Moon\Desktop\Saiden\Employment\java-kosta\framework-workspace1\springIOC2-maven\src\test\resources
2017-07-11 15:51:19,474 [Worker-30] INFO  o.e.m.c.i.l.LifecycleMappingFactory - Using org.eclipse.m2e.jdt.JarLifecycleMapping lifecycle mapping for MavenProject: springIOC3:springIOC3:0.0.1-SNAPSHOT @ C:\Users\Moon\Desktop\Saiden\Employment\java-kosta\framework-workspace1\springIOC3\pom.xml.
2017-07-11 15:51:20,283 [Worker-30] WARN  o.e.m.c.i.embedder.EclipseLogger - Using platform encoding (MS949 actually) to copy filtered resources, i.e. build is platform dependent!
2017-07-11 15:51:20,285 [Worker-30] INFO  o.e.m.c.i.embedder.EclipseLogger - skip non existing resourceDirectory C:\Users\Moon\Desktop\Saiden\Employment\java-kosta\framework-workspace1\springIOC3\src\main\resources
2017-07-11 15:51:20,286 [Worker-30] WARN  o.e.m.c.i.embedder.EclipseLogger - Using platform encoding (MS949 actually) to copy filtered resources, i.e. build is platform dependent!
2017-07-11 15:51:20,288 [Worker-30] INFO  o.e.m.c.i.embedder.EclipseLogger - skip non existing resourceDirectory C:\Users\Moon\Desktop\Saiden\Employment\java-kosta\framework-workspace1\springIOC3\src\test\resources
2017-07-11 15:51:39,475 [Worker-24] INFO  o.e.m.c.i.l.LifecycleMappingFactory - Using org.eclipse.m2e.jdt.JarLifecycleMapping lifecycle mapping for MavenProject: springIOC4:springIOC4:0.0.1-SNAPSHOT @ C:\Users\Moon\Desktop\Saiden\Employment\java-kosta\framework-workspace1\springIOC4\pom.xml.
2017-07-11 15:51:40,292 [Worker-24] WARN  o.e.m.c.i.embedder.EclipseLogger - Using platform encoding (MS949 actually) to copy filtered resources, i.e. build is platform dependent!
2017-07-11 15:51:40,294 [Worker-24] INFO  o.e.m.c.i.embedder.EclipseLogger - skip non existing resourceDirectory C:\Users\Moon\Desktop\Saiden\Employment\java-kosta\framework-workspace1\springIOC4\src\main\resources
2017-07-11 15:51:40,295 [Worker-24] WARN  o.e.m.c.i.embedder.EclipseLogger - Using platform encoding (MS949 actually) to copy filtered resources, i.e. build is platform dependent!
2017-07-11 15:51:40,297 [Worker-24] INFO  o.e.m.c.i.embedder.EclipseLogger - skip non existing resourceDirectory C:\Users\Moon\Desktop\Saiden\Employment\java-kosta\framework-workspace1\springIOC4\src\test\resources
2017-07-11 15:52:06,150 [Worker-24] INFO  o.e.m.c.i.l.LifecycleMappingFactory - Using org.eclipse.m2e.jdt.JarLifecycleMapping lifecycle mapping for MavenProject: springIOC5-sol:springIOC5-sol:0.0.1-SNAPSHOT @ C:\Users\Moon\Desktop\Saiden\Employment\java-kosta\framework-workspace1\springIOC5-sol\pom.xml.
2017-07-11 15:52:06,320 [Worker-24] WARN  o.e.m.c.i.embedder.EclipseLogger - Using platform encoding (MS949 actually) to copy filtered resources, i.e. build is platform dependent!
2017-07-11 15:52:06,322 [Worker-24] INFO  o.e.m.c.i.embedder.EclipseLogger - skip non existing resourceDirectory C:\Users\Moon\Desktop\Saiden\Employment\java-kosta\framework-workspace1\springIOC5-sol\src\main\resources
2017-07-11 15:52:06,323 [Worker-24] WARN  o.e.m.c.i.embedder.EclipseLogger - Using platform encoding (MS949 actually) to copy filtered resources, i.e. build is platform dependent!
2017-07-11 15:52:06,325 [Worker-24] INFO  o.e.m.c.i.embedder.EclipseLogger - skip non existing resourceDirectory C:\Users\Moon\Desktop\Saiden\Employment\java-kosta\framework-workspace1\springIOC5-sol\src\test\resources
2017-07-11 15:52:20,419 [Worker-27] INFO  o.e.m.c.i.l.LifecycleMappingFactory - Using org.eclipse.m2e.jdt.JarLifecycleMapping lifecycle mapping for MavenProject: springIOC6:springIOC6:0.0.1-SNAPSHOT @ C:\Users\Moon\Desktop\Saiden\Employment\java-kosta\framework-workspace1\springIOC6\pom.xml.
2017-07-11 15:52:21,579 [Worker-27] WARN  o.e.m.c.i.embedder.EclipseLogger - Using platform encoding (MS949 actually) to copy filtered resources, i.e. build is platform dependent!
2017-07-11 15:52:21,581 [Worker-27] INFO  o.e.m.c.i.embedder.EclipseLogger - skip non existing resourceDirectory C:\Users\Moon\Desktop\Saiden\Employment\java-kosta\framework-workspace1\springIOC6\src\main\resources
2017-07-11 15:52:21,583 [Worker-27] WARN  o.e.m.c.i.embedder.EclipseLogger - Using platform encoding (MS949 actually) to copy filtered resources, i.e. build is platform dependent!
2017-07-11 15:52:21,584 [Worker-27] INFO  o.e.m.c.i.embedder.EclipseLogger - skip non existing resourceDirectory C:\Users\Moon\Desktop\Saiden\Employment\java-kosta\framework-workspace1\springIOC6\src\test\resources
2017-07-11 15:52:34,610 [Worker-24] INFO  o.e.m.c.i.l.LifecycleMappingFactory - Using org.eclipse.m2e.jdt.JarLifecycleMapping lifecycle mapping for MavenProject: springIOC7:springIOC7:0.0.1-SNAPSHOT @ C:\Users\Moon\Desktop\Saiden\Employment\java-kosta\framework-workspace1\springIOC7\pom.xml.
2017-07-11 15:52:35,328 [Worker-24] WARN  o.e.m.c.i.embedder.EclipseLogger - Using platform encoding (MS949 actually) to copy filtered resources, i.e. build is platform dependent!
2017-07-11 15:52:35,329 [Worker-24] INFO  o.e.m.c.i.embedder.EclipseLogger - skip non existing resourceDirectory C:\Users\Moon\Desktop\Saiden\Employment\java-kosta\framework-workspace1\springIOC7\src\main\resources
2017-07-11 15:52:35,331 [Worker-24] WARN  o.e.m.c.i.embedder.EclipseLogger - Using platform encoding (MS949 actually) to copy filtered resources, i.e. build is platform dependent!
2017-07-11 15:52:35,332 [Worker-24] INFO  o.e.m.c.i.embedder.EclipseLogger - skip non existing resourceDirectory C:\Users\Moon\Desktop\Saiden\Employment\java-kosta\framework-workspace1\springIOC7\src\test\resources
2017-07-11 15:52:46,584 [Worker-33] INFO  o.e.m.c.i.l.LifecycleMappingFactory - Using org.eclipse.m2e.jdt.JarLifecycleMapping lifecycle mapping for MavenProject: springIOC8-dbcp:springIOC8-dbcp:0.0.1-SNAPSHOT @ C:\Users\Moon\Desktop\Saiden\Employment\java-kosta\framework-workspace1\springIOC8-dbcp\pom.xml.
2017-07-11 15:52:47,597 [Worker-33] WARN  o.e.m.c.i.embedder.EclipseLogger - Using platform encoding (MS949 actually) to copy filtered resources, i.e. build is platform dependent!
2017-07-11 15:52:47,599 [Worker-33] INFO  o.e.m.c.i.embedder.EclipseLogger - skip non existing resourceDirectory C:\Users\Moon\Desktop\Saiden\Employment\java-kosta\framework-workspace1\springIOC8-dbcp\src\main\resources
2017-07-11 15:52:47,600 [Worker-33] WARN  o.e.m.c.i.embedder.EclipseLogger - Using platform encoding (MS949 actually) to copy filtered resources, i.e. build is platform dependent!
2017-07-11 15:52:47,602 [Worker-33] INFO  o.e.m.c.i.embedder.EclipseLogger - skip non existing resourceDirectory C:\Users\Moon\Desktop\Saiden\Employment\java-kosta\framework-workspace1\springIOC8-dbcp\src\test\resources
2017-07-11 15:52:57,539 [Worker-32] INFO  o.e.m.c.i.l.LifecycleMappingFactory - Using org.eclipse.m2e.jdt.JarLifecycleMapping lifecycle mapping for MavenProject: springIOC9:springIOC9:0.0.1-SNAPSHOT @ C:\Users\Moon\Desktop\Saiden\Employment\java-kosta\framework-workspace1\springIOC9\pom.xml.
2017-07-11 15:52:59,337 [Worker-32] WARN  o.e.m.c.i.embedder.EclipseLogger - Using platform encoding (MS949 actually) to copy filtered resources, i.e. build is platform dependent!
2017-07-11 15:52:59,339 [Worker-32] INFO  o.e.m.c.i.embedder.EclipseLogger - skip non existing resourceDirectory C:\Users\Moon\Desktop\Saiden\Employment\java-kosta\framework-workspace1\springIOC9\src\main\resources
2017-07-11 15:52:59,342 [Worker-32] WARN  o.e.m.c.i.embedder.EclipseLogger - Using platform encoding (MS949 actually) to copy filtered resources, i.e. build is platform dependent!
2017-07-11 15:52:59,343 [Worker-32] INFO  o.e.m.c.i.embedder.EclipseLogger - skip non existing resourceDirectory C:\Users\Moon\Desktop\Saiden\Employment\java-kosta\framework-workspace1\springIOC9\src\test\resources
